#
# There is insufficient memory for the Java Runtime Environment to continue.
# Native memory allocation (malloc) failed to allocate 32744 bytes for ChunkPool::allocate
# Possible reasons:
#   The system is out of physical RAM or swap space
#   The process is running with CompressedOops enabled, and the Java Heap may be blocking the growth of the native heap
# Possible solutions:
#   Reduce memory load on the system
#   Increase physical memory or swap space
#   Check if swap backing store is full
#   Decrease Java heap size (-Xmx/-Xms)
#   Decrease number of Java threads
#   Set larger code cache with -XX:ReservedCodeCacheSize=
#   JVM is running with Unscaled Compressed Oops mode in which the Java heap is
#     placed in the first 4GB address space. The Java Heap base address is the
#     maximum limit for the native heap growth. Please use -XX:HeapBaseMinAddress
#     to set the Java Heap base and to place the Java Heap above 4GB virtual address.
# This output file may be truncated or incomplete.
#
#  Out of Memory Error (./open/src/hotspot/share/memory/arena.cpp:81), pid=13048, tid=25576
#
# JRE version: Java(TM) SE Runtime Environment 18.9 (11.0.11+9) (build 11.0.11+9-LTS-194)
# Java VM: Java HotSpot(TM) 64-Bit Server VM 18.9 (11.0.11+9-LTS-194, mixed mode, tiered, compressed oops, g1 gc, windows-amd64)
# No core dump will be written. Minidumps are not enabled by default on client versions of Windows
#

---------------  S U M M A R Y ------------

Command Line: -XX:TieredStopAtLevel=1 -Xverify:none -Dspring.output.ansi.enabled=always -javaagent:C:\Program Files\JetBrains\IntelliJ IDEA 2021.1.1\lib\idea_rt.jar=5050:C:\Program Files\JetBrains\IntelliJ IDEA 2021.1.1\bin -Dcom.sun.management.jmxremote -Dspring.jmx.enabled=true -Dspring.liveBeansView.mbeanDomain -Dspring.application.admin.enabled=true -Dfile.encoding=UTF-8 com.example.spring_university_professor.SpringUniversityProfessorApplication

Host: Intel(R) Core(TM) i7-5600U CPU @ 2.60GHz, 4 cores, 7G,  Windows 10 , 64 bit Build 19041 (10.0.19041.1348)
Time: Sat Jan  8 11:09:36 2022 Central European Standard Time elapsed time: 71883.470065 seconds (0d 19h 58m 3s)

---------------  T H R E A D  ---------------

Current thread (0x000001a8f0e00000):  JavaThread "C1 CompilerThread0" daemon [_thread_in_native, id=25576, stack(0x0000007ea7800000,0x0000007ea7900000)]


Current CompileTask:
C1:71883470 6337   !   1       java.net.SocksSocketImpl::connect (1522 bytes)

Stack: [0x0000007ea7800000,0x0000007ea7900000]
Native frames: (J=compiled Java code, j=interpreted, Vv=VM code, C=native code)
V  [jvm.dll+0x616f2a]
V  [jvm.dll+0x74de7f]
V  [jvm.dll+0x74f505]
V  [jvm.dll+0x74fb83]
V  [jvm.dll+0x2436d8]
V  [jvm.dll+0xbaa2b]
V  [jvm.dll+0xbad8c]
V  [jvm.dll+0x109486]
V  [jvm.dll+0x16fead]
V  [jvm.dll+0x16fb70]
V  [jvm.dll+0x16f39c]
V  [jvm.dll+0x1360db]
V  [jvm.dll+0x11fce0]
V  [jvm.dll+0x11fe70]
V  [jvm.dll+0x12012f]
V  [jvm.dll+0x11f3d7]
V  [jvm.dll+0x1212e7]
V  [jvm.dll+0x20b68c]
V  [jvm.dll+0x20978b]
V  [jvm.dll+0x7152c9]
V  [jvm.dll+0x70dfc4]
V  [jvm.dll+0x6160f6]
C  [ucrtbase.dll+0x21bb2]
C  [KERNEL32.DLL+0x17034]
C  [ntdll.dll+0x52651]


---------------  P R O C E S S  ---------------

Threads class SMR info:
_java_thread_list=0x000001a8f22eb290, length=22, elements={
0x000001a8f0de4000, 0x000001a8f0de5000, 0x000001a8f1772800, 0x000001a8f0dff800,
0x000001a8f0e00000, 0x000001a8f0e02000, 0x000001a8f0d79000, 0x000001a8f1c09800,
0x000001a8f1c0e000, 0x000001a8f1e02000, 0x000001a8f2f6a000, 0x000001a8f370d800,
0x000001a8f3696800, 0x000001a8f39e4800, 0x000001a8f3a53000, 0x000001a8f3a50800,
0x000001a8f3a4f000, 0x000001a8f3a54000, 0x000001a8f3a4e000, 0x000001a8f3a4f800,
0x000001a8f3a4d800, 0x000001a8f3a52000
}

Java Threads: ( => current thread )
  0x000001a8f0de4000 JavaThread "Reference Handler" daemon [_thread_blocked, id=3768, stack(0x0000007ea7400000,0x0000007ea7500000)]
  0x000001a8f0de5000 JavaThread "Finalizer" daemon [_thread_blocked, id=20204, stack(0x0000007ea7500000,0x0000007ea7600000)]
  0x000001a8f1772800 JavaThread "Signal Dispatcher" daemon [_thread_blocked, id=14628, stack(0x0000007ea7600000,0x0000007ea7700000)]
  0x000001a8f0dff800 JavaThread "Attach Listener" daemon [_thread_blocked, id=3224, stack(0x0000007ea7700000,0x0000007ea7800000)]
=>0x000001a8f0e00000 JavaThread "C1 CompilerThread0" daemon [_thread_in_native, id=25576, stack(0x0000007ea7800000,0x0000007ea7900000)]
  0x000001a8f0e02000 JavaThread "Sweeper thread" daemon [_thread_blocked, id=25752, stack(0x0000007ea7900000,0x0000007ea7a00000)]
  0x000001a8f0d79000 JavaThread "Common-Cleaner" daemon [_thread_blocked, id=14912, stack(0x0000007ea7a00000,0x0000007ea7b00000)]
  0x000001a8f1c09800 JavaThread "Monitor Ctrl-Break" daemon [_thread_in_native, id=20000, stack(0x0000007ea7b00000,0x0000007ea7c00000)]
  0x000001a8f1c0e000 JavaThread "Service Thread" daemon [_thread_blocked, id=9484, stack(0x0000007ea7c00000,0x0000007ea7d00000)]
  0x000001a8f1e02000 JavaThread "RMI TCP Accept-0" daemon [_thread_in_native, id=9420, stack(0x0000007ea7d00000,0x0000007ea7e00000)]
  0x000001a8f2f6a000 JavaThread "RMI Scheduler(0)" daemon [_thread_blocked, id=16608, stack(0x0000007ea8700000,0x0000007ea8800000)]
  0x000001a8f370d800 JavaThread "Catalina-utility-1" [_thread_blocked, id=9128, stack(0x0000007ea8500000,0x0000007ea8600000)]
  0x000001a8f3696800 JavaThread "Catalina-utility-2" [_thread_blocked, id=20360, stack(0x0000007ea8800000,0x0000007ea8900000)]
  0x000001a8f39e4800 JavaThread "container-0" [_thread_blocked, id=10324, stack(0x0000007ea8900000,0x0000007ea8a00000)]
  0x000001a8f3a53000 JavaThread "HikariPool-1 housekeeper" daemon [_thread_blocked, id=22340, stack(0x0000007ea8b00000,0x0000007ea8c00000)]
  0x000001a8f3a50800 JavaThread "File Watcher" daemon [_thread_blocked, id=12544, stack(0x0000007ea8d00000,0x0000007ea8e00000)]
  0x000001a8f3a4f000 JavaThread "Live Reload Server" daemon [_thread_in_native, id=17508, stack(0x0000007ea8f00000,0x0000007ea9000000)]
  0x000001a8f3a54000 JavaThread "http-nio-8080-Poller" daemon [_thread_in_native, id=12976, stack(0x0000007ea8e00000,0x0000007ea8f00000)]
  0x000001a8f3a4e000 JavaThread "http-nio-8080-Acceptor" daemon [_thread_in_native, id=16060, stack(0x0000007ea9000000,0x0000007ea9100000)]
  0x000001a8f3a4f800 JavaThread "DestroyJavaVM" [_thread_blocked, id=26664, stack(0x0000007ea6d00000,0x0000007ea6e00000)]
  0x000001a8f3a4d800 JavaThread "HikariPool-1 connection closer" daemon [_thread_blocked, id=7968, stack(0x0000007ea6b00000,0x0000007ea6c00000)]
  0x000001a8f3a52000 JavaThread "HikariPool-1 connection adder" daemon [_thread_blocked, id=11812, stack(0x0000007ea6c00000,0x0000007ea6d00000)]

Other Threads:
  0x000001a8f0df4800 VMThread "VM Thread" [stack: 0x0000007ea7300000,0x0000007ea7400000] [id=572]
  0x000001a8f1e09800 WatcherThread [stack: 0x0000007ea7e00000,0x0000007ea7f00000] [id=20252]
  0x000001a8d09f9000 GCTaskThread "GC Thread#0" [stack: 0x0000007ea6e00000,0x0000007ea6f00000] [id=13400]
  0x000001a8f1edb000 GCTaskThread "GC Thread#1" [stack: 0x0000007ea7f00000,0x0000007ea8000000] [id=20520]
  0x000001a8f1edc000 GCTaskThread "GC Thread#2" [stack: 0x0000007ea8000000,0x0000007ea8100000] [id=9900]
  0x000001a8f1d55800 GCTaskThread "GC Thread#3" [stack: 0x0000007ea8400000,0x0000007ea8500000] [id=20888]
  0x000001a8d0a28000 ConcurrentGCThread "G1 Main Marker" [stack: 0x0000007ea6f00000,0x0000007ea7000000] [id=6356]
  0x000001a8d0a29800 ConcurrentGCThread "G1 Conc#0" [stack: 0x0000007ea7000000,0x0000007ea7100000] [id=21624]
  0x000001a8d0ab8000 ConcurrentGCThread "G1 Refine#0" [stack: 0x0000007ea7100000,0x0000007ea7200000] [id=1760]
  0x000001a8f1a14000 ConcurrentGCThread "G1 Refine#1" [stack: 0x0000007ea8100000,0x0000007ea8200000] [id=20988]
  0x000001a8d0ab9800 ConcurrentGCThread "G1 Young RemSet Sampling" [stack: 0x0000007ea7200000,0x0000007ea7300000] [id=23772]

Threads with active compile tasks:
C1 CompilerThread071883549 6337   !   1       java.net.SocksSocketImpl::connect (1522 bytes)

VM state:not at safepoint (normal execution)

VM Mutex/Monitor currently owned by a thread: None

Heap address: 0x0000000081e00000, size: 2018 MB, Compressed Oops mode: 32-bit
Narrow klass base: 0x0000000000000000, Narrow klass shift: 3
Compressed class space size: 1073741824 Address: 0x0000000100000000

Heap:
 garbage-first heap   total 253952K, used 84787K [0x0000000081e00000, 0x0000000100000000)
  region size 1024K, 57 young (58368K), 6 survivors (6144K)
 Metaspace       used 58556K, capacity 60652K, committed 60752K, reserved 1101824K
  class space    used 7743K, capacity 8580K, committed 8652K, reserved 1048576K
Heap Regions: E=young(eden), S=young(survivor), O=old, HS=humongous(starts), HC=humongous(continues), CS=collection set, F=free, A=archive, TAMS=top-at-mark-start (previous, next)
|   0|0x0000000081e00000, 0x0000000081f00000, 0x0000000081f00000|100%|HS|  |TAMS 0x0000000081f00000, 0x0000000081e00000| Complete 
|   1|0x0000000081f00000, 0x0000000082000000, 0x0000000082000000|100%| O|  |TAMS 0x0000000082000000, 0x0000000081f00000| Untracked 
|   2|0x0000000082000000, 0x0000000082100000, 0x0000000082100000|100%| O|  |TAMS 0x0000000082100000, 0x0000000082000000| Untracked 
|   3|0x0000000082100000, 0x0000000082200000, 0x0000000082200000|100%| O|  |TAMS 0x0000000082200000, 0x0000000082100000| Untracked 
|   4|0x0000000082200000, 0x0000000082300000, 0x0000000082300000|100%| O|  |TAMS 0x0000000082300000, 0x0000000082200000| Untracked 
|   5|0x0000000082300000, 0x0000000082400000, 0x0000000082400000|100%| O|  |TAMS 0x0000000082400000, 0x0000000082300000| Untracked 
|   6|0x0000000082400000, 0x0000000082500000, 0x0000000082500000|100%| O|  |TAMS 0x0000000082500000, 0x0000000082400000| Untracked 
|   7|0x0000000082500000, 0x0000000082600000, 0x0000000082600000|100%| O|  |TAMS 0x0000000082600000, 0x0000000082500000| Untracked 
|   8|0x0000000082600000, 0x0000000082700000, 0x0000000082700000|100%| O|  |TAMS 0x0000000082700000, 0x0000000082600000| Untracked 
|   9|0x0000000082700000, 0x0000000082800000, 0x0000000082800000|100%| O|  |TAMS 0x0000000082800000, 0x0000000082700000| Untracked 
|  10|0x0000000082800000, 0x0000000082900000, 0x0000000082900000|100%| O|  |TAMS 0x0000000082900000, 0x0000000082800000| Untracked 
|  11|0x0000000082900000, 0x0000000082a00000, 0x0000000082a00000|100%| O|  |TAMS 0x0000000082a00000, 0x0000000082900000| Untracked 
|  12|0x0000000082a00000, 0x0000000082b00000, 0x0000000082b00000|100%| O|  |TAMS 0x0000000082b00000, 0x0000000082a00000| Untracked 
|  13|0x0000000082b00000, 0x0000000082c00000, 0x0000000082c00000|100%| O|  |TAMS 0x0000000082c00000, 0x0000000082b00000| Untracked 
|  14|0x0000000082c00000, 0x0000000082d00000, 0x0000000082d00000|100%| O|  |TAMS 0x0000000082d00000, 0x0000000082c00000| Untracked 
|  15|0x0000000082d00000, 0x0000000082e00000, 0x0000000082e00000|100%| O|  |TAMS 0x0000000082e00000, 0x0000000082d00000| Untracked 
|  16|0x0000000082e00000, 0x0000000082f00000, 0x0000000082f00000|100%| O|  |TAMS 0x0000000082f00000, 0x0000000082e00000| Untracked 
|  17|0x0000000082f00000, 0x0000000083000000, 0x0000000083000000|100%| O|  |TAMS 0x0000000083000000, 0x0000000082f00000| Untracked 
|  18|0x0000000083000000, 0x0000000083100000, 0x0000000083100000|100%| O|  |TAMS 0x0000000083100000, 0x0000000083000000| Untracked 
|  19|0x0000000083100000, 0x0000000083200000, 0x0000000083200000|100%| O|  |TAMS 0x0000000083200000, 0x0000000083100000| Untracked 
|  20|0x0000000083200000, 0x0000000083300000, 0x0000000083300000|100%| O|  |TAMS 0x0000000083200000, 0x0000000083200000| Untracked 
|  21|0x0000000083300000, 0x0000000083400000, 0x0000000083400000|100%| O|  |TAMS 0x0000000083300000, 0x0000000083300000| Untracked 
|  22|0x0000000083400000, 0x0000000083500000, 0x0000000083500000|100%| O|  |TAMS 0x0000000083400000, 0x0000000083400000| Untracked 
|  23|0x0000000083500000, 0x0000000083600000, 0x0000000083600000|100%| O|  |TAMS 0x0000000083500000, 0x0000000083500000| Untracked 
|  24|0x0000000083600000, 0x0000000083700000, 0x0000000083700000|100%| O|  |TAMS 0x0000000083600000, 0x0000000083600000| Untracked 
|  25|0x0000000083700000, 0x0000000083800000, 0x0000000083800000|100%| O|  |TAMS 0x0000000083700000, 0x0000000083700000| Untracked 
|  26|0x0000000083800000, 0x00000000838ccc00, 0x0000000083900000| 79%| O|  |TAMS 0x0000000083800000, 0x0000000083800000| Untracked 
|  27|0x0000000083900000, 0x0000000083900000, 0x0000000083a00000|  0%| F|  |TAMS 0x0000000083900000, 0x0000000083900000| Untracked 
|  28|0x0000000083a00000, 0x0000000083a00000, 0x0000000083b00000|  0%| F|  |TAMS 0x0000000083a00000, 0x0000000083a00000| Untracked 
|  29|0x0000000083b00000, 0x0000000083b00000, 0x0000000083c00000|  0%| F|  |TAMS 0x0000000083b00000, 0x0000000083b00000| Untracked 
|  30|0x0000000083c00000, 0x0000000083c00000, 0x0000000083d00000|  0%| F|  |TAMS 0x0000000083c00000, 0x0000000083c00000| Untracked 
|  31|0x0000000083d00000, 0x0000000083d00000, 0x0000000083e00000|  0%| F|  |TAMS 0x0000000083d00000, 0x0000000083d00000| Untracked 
|  32|0x0000000083e00000, 0x0000000083e00000, 0x0000000083f00000|  0%| F|  |TAMS 0x0000000083e00000, 0x0000000083e00000| Untracked 
|  33|0x0000000083f00000, 0x0000000083f00000, 0x0000000084000000|  0%| F|  |TAMS 0x0000000083f00000, 0x0000000083f00000| Untracked 
|  34|0x0000000084000000, 0x0000000084000000, 0x0000000084100000|  0%| F|  |TAMS 0x0000000084000000, 0x0000000084000000| Untracked 
|  35|0x0000000084100000, 0x0000000084100000, 0x0000000084200000|  0%| F|  |TAMS 0x0000000084100000, 0x0000000084100000| Untracked 
|  36|0x0000000084200000, 0x0000000084200000, 0x0000000084300000|  0%| F|  |TAMS 0x0000000084200000, 0x0000000084200000| Untracked 
|  37|0x0000000084300000, 0x0000000084300000, 0x0000000084400000|  0%| F|  |TAMS 0x0000000084300000, 0x0000000084300000| Untracked 
|  38|0x0000000084400000, 0x0000000084400000, 0x0000000084500000|  0%| F|  |TAMS 0x0000000084400000, 0x0000000084400000| Untracked 
|  39|0x0000000084500000, 0x0000000084500000, 0x0000000084600000|  0%| F|  |TAMS 0x0000000084500000, 0x0000000084500000| Untracked 
|  40|0x0000000084600000, 0x0000000084600000, 0x0000000084700000|  0%| F|  |TAMS 0x0000000084600000, 0x0000000084600000| Untracked 
|  41|0x0000000084700000, 0x0000000084700000, 0x0000000084800000|  0%| F|  |TAMS 0x0000000084700000, 0x0000000084700000| Untracked 
|  42|0x0000000084800000, 0x0000000084800000, 0x0000000084900000|  0%| F|  |TAMS 0x0000000084800000, 0x0000000084800000| Untracked 
|  43|0x0000000084900000, 0x0000000084900000, 0x0000000084a00000|  0%| F|  |TAMS 0x0000000084900000, 0x0000000084900000| Untracked 
|  44|0x0000000084a00000, 0x0000000084a00000, 0x0000000084b00000|  0%| F|  |TAMS 0x0000000084a00000, 0x0000000084a00000| Untracked 
|  45|0x0000000084b00000, 0x0000000084b00000, 0x0000000084c00000|  0%| F|  |TAMS 0x0000000084b00000, 0x0000000084b00000| Untracked 
|  46|0x0000000084c00000, 0x0000000084c00000, 0x0000000084d00000|  0%| F|  |TAMS 0x0000000084c00000, 0x0000000084c00000| Untracked 
|  47|0x0000000084d00000, 0x0000000084d00000, 0x0000000084e00000|  0%| F|  |TAMS 0x0000000084d00000, 0x0000000084d00000| Untracked 
|  48|0x0000000084e00000, 0x0000000084e00000, 0x0000000084f00000|  0%| F|  |TAMS 0x0000000084e00000, 0x0000000084e00000| Untracked 
|  49|0x0000000084f00000, 0x0000000084f00000, 0x0000000085000000|  0%| F|  |TAMS 0x0000000084f00000, 0x0000000084f00000| Untracked 
|  50|0x0000000085000000, 0x0000000085000000, 0x0000000085100000|  0%| F|  |TAMS 0x0000000085000000, 0x0000000085000000| Untracked 
|  51|0x0000000085100000, 0x0000000085100000, 0x0000000085200000|  0%| F|  |TAMS 0x0000000085100000, 0x0000000085100000| Untracked 
|  52|0x0000000085200000, 0x0000000085200000, 0x0000000085300000|  0%| F|  |TAMS 0x0000000085200000, 0x0000000085200000| Untracked 
|  53|0x0000000085300000, 0x0000000085300000, 0x0000000085400000|  0%| F|  |TAMS 0x0000000085300000, 0x0000000085300000| Untracked 
|  54|0x0000000085400000, 0x0000000085400000, 0x0000000085500000|  0%| F|  |TAMS 0x0000000085400000, 0x0000000085400000| Untracked 
|  55|0x0000000085500000, 0x0000000085500000, 0x0000000085600000|  0%| F|  |TAMS 0x0000000085500000, 0x0000000085500000| Untracked 
|  56|0x0000000085600000, 0x0000000085600000, 0x0000000085700000|  0%| F|  |TAMS 0x0000000085600000, 0x0000000085600000| Untracked 
|  57|0x0000000085700000, 0x0000000085700000, 0x0000000085800000|  0%| F|  |TAMS 0x0000000085700000, 0x0000000085700000| Untracked 
|  58|0x0000000085800000, 0x0000000085800000, 0x0000000085900000|  0%| F|  |TAMS 0x0000000085800000, 0x0000000085800000| Untracked 
|  59|0x0000000085900000, 0x0000000085900000, 0x0000000085a00000|  0%| F|  |TAMS 0x0000000085900000, 0x0000000085900000| Untracked 
|  60|0x0000000085a00000, 0x0000000085a00000, 0x0000000085b00000|  0%| F|  |TAMS 0x0000000085a00000, 0x0000000085a00000| Untracked 
|  61|0x0000000085b00000, 0x0000000085b00000, 0x0000000085c00000|  0%| F|  |TAMS 0x0000000085b00000, 0x0000000085b00000| Untracked 
|  62|0x0000000085c00000, 0x0000000085c00000, 0x0000000085d00000|  0%| F|  |TAMS 0x0000000085c00000, 0x0000000085c00000| Untracked 
|  63|0x0000000085d00000, 0x0000000085d00000, 0x0000000085e00000|  0%| F|  |TAMS 0x0000000085d00000, 0x0000000085d00000| Untracked 
|  64|0x0000000085e00000, 0x0000000085e00000, 0x0000000085f00000|  0%| F|  |TAMS 0x0000000085e00000, 0x0000000085e00000| Untracked 
|  65|0x0000000085f00000, 0x0000000085f00000, 0x0000000086000000|  0%| F|  |TAMS 0x0000000085f00000, 0x0000000085f00000| Untracked 
|  66|0x0000000086000000, 0x0000000086000000, 0x0000000086100000|  0%| F|  |TAMS 0x0000000086000000, 0x0000000086000000| Untracked 
|  67|0x0000000086100000, 0x0000000086100000, 0x0000000086200000|  0%| F|  |TAMS 0x0000000086100000, 0x0000000086100000| Untracked 
|  68|0x0000000086200000, 0x0000000086200000, 0x0000000086300000|  0%| F|  |TAMS 0x0000000086200000, 0x0000000086200000| Untracked 
|  69|0x0000000086300000, 0x0000000086300000, 0x0000000086400000|  0%| F|  |TAMS 0x0000000086300000, 0x0000000086300000| Untracked 
|  70|0x0000000086400000, 0x0000000086400000, 0x0000000086500000|  0%| F|  |TAMS 0x0000000086400000, 0x0000000086400000| Untracked 
|  71|0x0000000086500000, 0x0000000086500000, 0x0000000086600000|  0%| F|  |TAMS 0x0000000086500000, 0x0000000086500000| Untracked 
|  72|0x0000000086600000, 0x0000000086600000, 0x0000000086700000|  0%| F|  |TAMS 0x0000000086600000, 0x0000000086600000| Untracked 
|  73|0x0000000086700000, 0x0000000086700000, 0x0000000086800000|  0%| F|  |TAMS 0x0000000086700000, 0x0000000086700000| Untracked 
|  74|0x0000000086800000, 0x0000000086800000, 0x0000000086900000|  0%| F|  |TAMS 0x0000000086800000, 0x0000000086800000| Untracked 
|  75|0x0000000086900000, 0x0000000086900000, 0x0000000086a00000|  0%| F|  |TAMS 0x0000000086900000, 0x0000000086900000| Untracked 
|  76|0x0000000086a00000, 0x0000000086a00000, 0x0000000086b00000|  0%| F|  |TAMS 0x0000000086a00000, 0x0000000086a00000| Untracked 
|  77|0x0000000086b00000, 0x0000000086b00000, 0x0000000086c00000|  0%| F|  |TAMS 0x0000000086b00000, 0x0000000086b00000| Untracked 
|  78|0x0000000086c00000, 0x0000000086c00000, 0x0000000086d00000|  0%| F|  |TAMS 0x0000000086c00000, 0x0000000086c00000| Untracked 
|  79|0x0000000086d00000, 0x0000000086d00000, 0x0000000086e00000|  0%| F|  |TAMS 0x0000000086d00000, 0x0000000086d00000| Untracked 
|  80|0x0000000086e00000, 0x0000000086e00000, 0x0000000086f00000|  0%| F|  |TAMS 0x0000000086e00000, 0x0000000086e00000| Untracked 
|  81|0x0000000086f00000, 0x0000000086f00000, 0x0000000087000000|  0%| F|  |TAMS 0x0000000086f00000, 0x0000000086f00000| Untracked 
|  82|0x0000000087000000, 0x0000000087000000, 0x0000000087100000|  0%| F|  |TAMS 0x0000000087000000, 0x0000000087000000| Untracked 
|  83|0x0000000087100000, 0x0000000087100000, 0x0000000087200000|  0%| F|  |TAMS 0x0000000087100000, 0x0000000087100000| Untracked 
|  84|0x0000000087200000, 0x0000000087200000, 0x0000000087300000|  0%| F|  |TAMS 0x0000000087200000, 0x0000000087200000| Untracked 
|  85|0x0000000087300000, 0x0000000087300000, 0x0000000087400000|  0%| F|  |TAMS 0x0000000087300000, 0x0000000087300000| Untracked 
|  86|0x0000000087400000, 0x0000000087400000, 0x0000000087500000|  0%| F|  |TAMS 0x0000000087400000, 0x0000000087400000| Untracked 
|  87|0x0000000087500000, 0x0000000087500000, 0x0000000087600000|  0%| F|  |TAMS 0x0000000087500000, 0x0000000087500000| Untracked 
|  88|0x0000000087600000, 0x0000000087600000, 0x0000000087700000|  0%| F|  |TAMS 0x0000000087600000, 0x0000000087600000| Untracked 
|  89|0x0000000087700000, 0x0000000087700000, 0x0000000087800000|  0%| F|  |TAMS 0x0000000087700000, 0x0000000087700000| Untracked 
|  90|0x0000000087800000, 0x0000000087800000, 0x0000000087900000|  0%| F|  |TAMS 0x0000000087800000, 0x0000000087800000| Untracked 
|  91|0x0000000087900000, 0x0000000087900000, 0x0000000087a00000|  0%| F|  |TAMS 0x0000000087900000, 0x0000000087900000| Untracked 
|  92|0x0000000087a00000, 0x0000000087a00000, 0x0000000087b00000|  0%| F|  |TAMS 0x0000000087a00000, 0x0000000087a00000| Untracked 
|  93|0x0000000087b00000, 0x0000000087b00000, 0x0000000087c00000|  0%| F|  |TAMS 0x0000000087b00000, 0x0000000087b00000| Untracked 
|  94|0x0000000087c00000, 0x0000000087c00000, 0x0000000087d00000|  0%| F|  |TAMS 0x0000000087c00000, 0x0000000087c00000| Untracked 
|  95|0x0000000087d00000, 0x0000000087d00000, 0x0000000087e00000|  0%| F|  |TAMS 0x0000000087d00000, 0x0000000087d00000| Untracked 
|  96|0x0000000087e00000, 0x0000000087e00000, 0x0000000087f00000|  0%| F|  |TAMS 0x0000000087e00000, 0x0000000087e00000| Untracked 
|  97|0x0000000087f00000, 0x0000000087f00000, 0x0000000088000000|  0%| F|  |TAMS 0x0000000087f00000, 0x0000000087f00000| Untracked 
|  98|0x0000000088000000, 0x0000000088000000, 0x0000000088100000|  0%| F|  |TAMS 0x0000000088000000, 0x0000000088000000| Untracked 
|  99|0x0000000088100000, 0x0000000088100000, 0x0000000088200000|  0%| F|  |TAMS 0x0000000088100000, 0x0000000088100000| Untracked 
| 100|0x0000000088200000, 0x0000000088300000, 0x0000000088300000|100%| S|CS|TAMS 0x0000000088200000, 0x0000000088200000| Complete 
| 101|0x0000000088300000, 0x0000000088400000, 0x0000000088400000|100%| S|CS|TAMS 0x0000000088300000, 0x0000000088300000| Complete 
| 102|0x0000000088400000, 0x0000000088500000, 0x0000000088500000|100%| S|CS|TAMS 0x0000000088400000, 0x0000000088400000| Complete 
| 103|0x0000000088500000, 0x0000000088600000, 0x0000000088600000|100%| S|CS|TAMS 0x0000000088500000, 0x0000000088500000| Complete 
| 104|0x0000000088600000, 0x0000000088700000, 0x0000000088700000|100%| S|CS|TAMS 0x0000000088600000, 0x0000000088600000| Complete 
| 105|0x0000000088700000, 0x0000000088800000, 0x0000000088800000|100%| S|CS|TAMS 0x0000000088700000, 0x0000000088700000| Complete 
| 106|0x0000000088800000, 0x0000000088800000, 0x0000000088900000|  0%| F|  |TAMS 0x0000000088800000, 0x0000000088800000| Untracked 
| 107|0x0000000088900000, 0x0000000088900000, 0x0000000088a00000|  0%| F|  |TAMS 0x0000000088900000, 0x0000000088900000| Untracked 
| 108|0x0000000088a00000, 0x0000000088a00000, 0x0000000088b00000|  0%| F|  |TAMS 0x0000000088a00000, 0x0000000088a00000| Untracked 
| 109|0x0000000088b00000, 0x0000000088b00000, 0x0000000088c00000|  0%| F|  |TAMS 0x0000000088b00000, 0x0000000088b00000| Untracked 
| 110|0x0000000088c00000, 0x0000000088c00000, 0x0000000088d00000|  0%| F|  |TAMS 0x0000000088c00000, 0x0000000088c00000| Untracked 
| 111|0x0000000088d00000, 0x0000000088d00000, 0x0000000088e00000|  0%| F|  |TAMS 0x0000000088d00000, 0x0000000088d00000| Untracked 
| 112|0x0000000088e00000, 0x0000000088e00000, 0x0000000088f00000|  0%| F|  |TAMS 0x0000000088e00000, 0x0000000088e00000| Untracked 
| 113|0x0000000088f00000, 0x0000000088f00000, 0x0000000089000000|  0%| F|  |TAMS 0x0000000088f00000, 0x0000000088f00000| Untracked 
| 114|0x0000000089000000, 0x0000000089000000, 0x0000000089100000|  0%| F|  |TAMS 0x0000000089000000, 0x0000000089000000| Untracked 
| 115|0x0000000089100000, 0x0000000089100000, 0x0000000089200000|  0%| F|  |TAMS 0x0000000089100000, 0x0000000089100000| Untracked 
| 116|0x0000000089200000, 0x0000000089200000, 0x0000000089300000|  0%| F|  |TAMS 0x0000000089200000, 0x0000000089200000| Untracked 
| 117|0x0000000089300000, 0x0000000089300000, 0x0000000089400000|  0%| F|  |TAMS 0x0000000089300000, 0x0000000089300000| Untracked 
| 118|0x0000000089400000, 0x0000000089400000, 0x0000000089500000|  0%| F|  |TAMS 0x0000000089400000, 0x0000000089400000| Untracked 
| 119|0x0000000089500000, 0x0000000089500000, 0x0000000089600000|  0%| F|  |TAMS 0x0000000089500000, 0x0000000089500000| Untracked 
| 120|0x0000000089600000, 0x0000000089600000, 0x0000000089700000|  0%| F|  |TAMS 0x0000000089600000, 0x0000000089600000| Untracked 
| 121|0x0000000089700000, 0x0000000089700000, 0x0000000089800000|  0%| F|  |TAMS 0x0000000089700000, 0x0000000089700000| Untracked 
| 122|0x0000000089800000, 0x0000000089800000, 0x0000000089900000|  0%| F|  |TAMS 0x0000000089800000, 0x0000000089800000| Untracked 
| 123|0x0000000089900000, 0x0000000089900000, 0x0000000089a00000|  0%| F|  |TAMS 0x0000000089900000, 0x0000000089900000| Untracked 
| 124|0x0000000089a00000, 0x0000000089a00000, 0x0000000089b00000|  0%| F|  |TAMS 0x0000000089a00000, 0x0000000089a00000| Untracked 
| 125|0x0000000089b00000, 0x0000000089b00000, 0x0000000089c00000|  0%| F|  |TAMS 0x0000000089b00000, 0x0000000089b00000| Untracked 
| 126|0x0000000089c00000, 0x0000000089c00000, 0x0000000089d00000|  0%| F|  |TAMS 0x0000000089c00000, 0x0000000089c00000| Untracked 
| 127|0x0000000089d00000, 0x0000000089d00000, 0x0000000089e00000|  0%| F|  |TAMS 0x0000000089d00000, 0x0000000089d00000| Untracked 
| 128|0x0000000089e00000, 0x0000000089e00000, 0x0000000089f00000|  0%| F|  |TAMS 0x0000000089e00000, 0x0000000089e00000| Untracked 
| 129|0x0000000089f00000, 0x0000000089f00000, 0x000000008a000000|  0%| F|  |TAMS 0x0000000089f00000, 0x0000000089f00000| Untracked 
| 130|0x000000008a000000, 0x000000008a000000, 0x000000008a100000|  0%| F|  |TAMS 0x000000008a000000, 0x000000008a000000| Untracked 
| 131|0x000000008a100000, 0x000000008a100000, 0x000000008a200000|  0%| F|  |TAMS 0x000000008a100000, 0x000000008a100000| Untracked 
| 132|0x000000008a200000, 0x000000008a200000, 0x000000008a300000|  0%| F|  |TAMS 0x000000008a200000, 0x000000008a200000| Untracked 
| 133|0x000000008a300000, 0x000000008a300000, 0x000000008a400000|  0%| F|  |TAMS 0x000000008a300000, 0x000000008a300000| Untracked 
| 134|0x000000008a400000, 0x000000008a400000, 0x000000008a500000|  0%| F|  |TAMS 0x000000008a400000, 0x000000008a400000| Untracked 
| 135|0x000000008a500000, 0x000000008a500000, 0x000000008a600000|  0%| F|  |TAMS 0x000000008a500000, 0x000000008a500000| Untracked 
| 136|0x000000008a600000, 0x000000008a600000, 0x000000008a700000|  0%| F|  |TAMS 0x000000008a600000, 0x000000008a600000| Untracked 
| 137|0x000000008a700000, 0x000000008a700000, 0x000000008a800000|  0%| F|  |TAMS 0x000000008a700000, 0x000000008a700000| Untracked 
| 138|0x000000008a800000, 0x000000008a800000, 0x000000008a900000|  0%| F|  |TAMS 0x000000008a800000, 0x000000008a800000| Untracked 
| 139|0x000000008a900000, 0x000000008a900000, 0x000000008aa00000|  0%| F|  |TAMS 0x000000008a900000, 0x000000008a900000| Untracked 
| 140|0x000000008aa00000, 0x000000008aa00000, 0x000000008ab00000|  0%| F|  |TAMS 0x000000008aa00000, 0x000000008aa00000| Untracked 
| 141|0x000000008ab00000, 0x000000008ab00000, 0x000000008ac00000|  0%| F|  |TAMS 0x000000008ab00000, 0x000000008ab00000| Untracked 
| 142|0x000000008ac00000, 0x000000008ac00000, 0x000000008ad00000|  0%| F|  |TAMS 0x000000008ac00000, 0x000000008ac00000| Untracked 
| 143|0x000000008ad00000, 0x000000008ad00000, 0x000000008ae00000|  0%| F|  |TAMS 0x000000008ad00000, 0x000000008ad00000| Untracked 
| 144|0x000000008ae00000, 0x000000008ae00000, 0x000000008af00000|  0%| F|  |TAMS 0x000000008ae00000, 0x000000008ae00000| Untracked 
| 145|0x000000008af00000, 0x000000008af00000, 0x000000008b000000|  0%| F|  |TAMS 0x000000008af00000, 0x000000008af00000| Untracked 
| 146|0x000000008b000000, 0x000000008b000000, 0x000000008b100000|  0%| F|  |TAMS 0x000000008b000000, 0x000000008b000000| Untracked 
| 147|0x000000008b100000, 0x000000008b100000, 0x000000008b200000|  0%| F|  |TAMS 0x000000008b100000, 0x000000008b100000| Untracked 
| 148|0x000000008b200000, 0x000000008b200000, 0x000000008b300000|  0%| F|  |TAMS 0x000000008b200000, 0x000000008b200000| Untracked 
| 149|0x000000008b300000, 0x000000008b300000, 0x000000008b400000|  0%| F|  |TAMS 0x000000008b300000, 0x000000008b300000| Untracked 
| 150|0x000000008b400000, 0x000000008b400000, 0x000000008b500000|  0%| F|  |TAMS 0x000000008b400000, 0x000000008b400000| Untracked 
| 151|0x000000008b500000, 0x000000008b500000, 0x000000008b600000|  0%| F|  |TAMS 0x000000008b500000, 0x000000008b500000| Untracked 
| 152|0x000000008b600000, 0x000000008b600000, 0x000000008b700000|  0%| F|  |TAMS 0x000000008b600000, 0x000000008b600000| Untracked 
| 153|0x000000008b700000, 0x000000008b700000, 0x000000008b800000|  0%| F|  |TAMS 0x000000008b700000, 0x000000008b700000| Untracked 
| 154|0x000000008b800000, 0x000000008b800000, 0x000000008b900000|  0%| F|  |TAMS 0x000000008b800000, 0x000000008b800000| Untracked 
| 155|0x000000008b900000, 0x000000008b900000, 0x000000008ba00000|  0%| F|  |TAMS 0x000000008b900000, 0x000000008b900000| Untracked 
| 156|0x000000008ba00000, 0x000000008ba00000, 0x000000008bb00000|  0%| F|  |TAMS 0x000000008ba00000, 0x000000008ba00000| Untracked 
| 157|0x000000008bb00000, 0x000000008bb00000, 0x000000008bc00000|  0%| F|  |TAMS 0x000000008bb00000, 0x000000008bb00000| Untracked 
| 158|0x000000008bc00000, 0x000000008bc00000, 0x000000008bd00000|  0%| F|  |TAMS 0x000000008bc00000, 0x000000008bc00000| Untracked 
| 159|0x000000008bd00000, 0x000000008bd00000, 0x000000008be00000|  0%| F|  |TAMS 0x000000008bd00000, 0x000000008bd00000| Untracked 
| 160|0x000000008be00000, 0x000000008be00000, 0x000000008bf00000|  0%| F|  |TAMS 0x000000008be00000, 0x000000008be00000| Untracked 
| 161|0x000000008bf00000, 0x000000008bf00000, 0x000000008c000000|  0%| F|  |TAMS 0x000000008bf00000, 0x000000008bf00000| Untracked 
| 162|0x000000008c000000, 0x000000008c000000, 0x000000008c100000|  0%| F|  |TAMS 0x000000008c000000, 0x000000008c000000| Untracked 
| 163|0x000000008c100000, 0x000000008c100000, 0x000000008c200000|  0%| F|  |TAMS 0x000000008c100000, 0x000000008c100000| Untracked 
| 164|0x000000008c200000, 0x000000008c200000, 0x000000008c300000|  0%| F|  |TAMS 0x000000008c200000, 0x000000008c200000| Untracked 
| 165|0x000000008c300000, 0x000000008c300000, 0x000000008c400000|  0%| F|  |TAMS 0x000000008c300000, 0x000000008c300000| Untracked 
| 166|0x000000008c400000, 0x000000008c400000, 0x000000008c500000|  0%| F|  |TAMS 0x000000008c400000, 0x000000008c400000| Untracked 
| 167|0x000000008c500000, 0x000000008c500000, 0x000000008c600000|  0%| F|  |TAMS 0x000000008c500000, 0x000000008c500000| Untracked 
| 168|0x000000008c600000, 0x000000008c600000, 0x000000008c700000|  0%| F|  |TAMS 0x000000008c600000, 0x000000008c600000| Untracked 
| 169|0x000000008c700000, 0x000000008c700000, 0x000000008c800000|  0%| F|  |TAMS 0x000000008c700000, 0x000000008c700000| Untracked 
| 170|0x000000008c800000, 0x000000008c800000, 0x000000008c900000|  0%| F|  |TAMS 0x000000008c800000, 0x000000008c800000| Untracked 
| 171|0x000000008c900000, 0x000000008c900000, 0x000000008ca00000|  0%| F|  |TAMS 0x000000008c900000, 0x000000008c900000| Untracked 
| 172|0x000000008ca00000, 0x000000008ca00000, 0x000000008cb00000|  0%| F|  |TAMS 0x000000008ca00000, 0x000000008ca00000| Untracked 
| 173|0x000000008cb00000, 0x000000008cb00000, 0x000000008cc00000|  0%| F|  |TAMS 0x000000008cb00000, 0x000000008cb00000| Untracked 
| 174|0x000000008cc00000, 0x000000008cc00000, 0x000000008cd00000|  0%| F|  |TAMS 0x000000008cc00000, 0x000000008cc00000| Untracked 
| 175|0x000000008cd00000, 0x000000008cd00000, 0x000000008ce00000|  0%| F|  |TAMS 0x000000008cd00000, 0x000000008cd00000| Untracked 
| 176|0x000000008ce00000, 0x000000008ce00000, 0x000000008cf00000|  0%| F|  |TAMS 0x000000008ce00000, 0x000000008ce00000| Untracked 
| 177|0x000000008cf00000, 0x000000008cf00000, 0x000000008d000000|  0%| F|  |TAMS 0x000000008cf00000, 0x000000008cf00000| Untracked 
| 178|0x000000008d000000, 0x000000008d000000, 0x000000008d100000|  0%| F|  |TAMS 0x000000008d000000, 0x000000008d000000| Untracked 
| 179|0x000000008d100000, 0x000000008d100000, 0x000000008d200000|  0%| F|  |TAMS 0x000000008d100000, 0x000000008d100000| Untracked 
| 180|0x000000008d200000, 0x000000008d200000, 0x000000008d300000|  0%| F|  |TAMS 0x000000008d200000, 0x000000008d200000| Untracked 
| 181|0x000000008d300000, 0x000000008d300000, 0x000000008d400000|  0%| F|  |TAMS 0x000000008d300000, 0x000000008d300000| Untracked 
| 182|0x000000008d400000, 0x000000008d400000, 0x000000008d500000|  0%| F|  |TAMS 0x000000008d400000, 0x000000008d400000| Untracked 
| 183|0x000000008d500000, 0x000000008d500000, 0x000000008d600000|  0%| F|  |TAMS 0x000000008d500000, 0x000000008d500000| Untracked 
| 184|0x000000008d600000, 0x000000008d600000, 0x000000008d700000|  0%| F|  |TAMS 0x000000008d600000, 0x000000008d600000| Untracked 
| 185|0x000000008d700000, 0x000000008d700000, 0x000000008d800000|  0%| F|  |TAMS 0x000000008d700000, 0x000000008d700000| Untracked 
| 186|0x000000008d800000, 0x000000008d800000, 0x000000008d900000|  0%| F|  |TAMS 0x000000008d800000, 0x000000008d800000| Untracked 
| 187|0x000000008d900000, 0x000000008d900000, 0x000000008da00000|  0%| F|  |TAMS 0x000000008d900000, 0x000000008d900000| Untracked 
| 188|0x000000008da00000, 0x000000008da00000, 0x000000008db00000|  0%| F|  |TAMS 0x000000008da00000, 0x000000008da00000| Untracked 
| 189|0x000000008db00000, 0x000000008db00000, 0x000000008dc00000|  0%| F|  |TAMS 0x000000008db00000, 0x000000008db00000| Untracked 
| 190|0x000000008dc00000, 0x000000008dc00000, 0x000000008dd00000|  0%| F|  |TAMS 0x000000008dc00000, 0x000000008dc00000| Untracked 
| 191|0x000000008dd00000, 0x000000008dd00000, 0x000000008de00000|  0%| F|  |TAMS 0x000000008dd00000, 0x000000008dd00000| Untracked 
| 192|0x000000008de00000, 0x000000008de00000, 0x000000008df00000|  0%| F|  |TAMS 0x000000008de00000, 0x000000008de00000| Untracked 
| 193|0x000000008df00000, 0x000000008df00000, 0x000000008e000000|  0%| F|  |TAMS 0x000000008df00000, 0x000000008df00000| Untracked 
| 194|0x000000008e000000, 0x000000008e000000, 0x000000008e100000|  0%| F|  |TAMS 0x000000008e000000, 0x000000008e000000| Untracked 
| 195|0x000000008e100000, 0x000000008e100000, 0x000000008e200000|  0%| F|  |TAMS 0x000000008e100000, 0x000000008e100000| Untracked 
| 196|0x000000008e200000, 0x000000008e200000, 0x000000008e300000|  0%| F|  |TAMS 0x000000008e200000, 0x000000008e200000| Untracked 
| 197|0x000000008e300000, 0x000000008e3fbad0, 0x000000008e400000| 98%| E|  |TAMS 0x000000008e300000, 0x000000008e300000| Complete 
| 198|0x000000008e400000, 0x000000008e500000, 0x000000008e500000|100%| E|CS|TAMS 0x000000008e400000, 0x000000008e400000| Complete 
| 199|0x000000008e500000, 0x000000008e600000, 0x000000008e600000|100%| E|CS|TAMS 0x000000008e500000, 0x000000008e500000| Complete 
| 200|0x000000008e600000, 0x000000008e700000, 0x000000008e700000|100%| E|CS|TAMS 0x000000008e600000, 0x000000008e600000| Complete 
| 201|0x000000008e700000, 0x000000008e800000, 0x000000008e800000|100%| E|CS|TAMS 0x000000008e700000, 0x000000008e700000| Complete 
| 202|0x000000008e800000, 0x000000008e900000, 0x000000008e900000|100%| E|CS|TAMS 0x000000008e800000, 0x000000008e800000| Complete 
| 203|0x000000008e900000, 0x000000008ea00000, 0x000000008ea00000|100%| E|CS|TAMS 0x000000008e900000, 0x000000008e900000| Complete 
| 204|0x000000008ea00000, 0x000000008eb00000, 0x000000008eb00000|100%| E|CS|TAMS 0x000000008ea00000, 0x000000008ea00000| Complete 
| 205|0x000000008eb00000, 0x000000008ec00000, 0x000000008ec00000|100%| E|CS|TAMS 0x000000008eb00000, 0x000000008eb00000| Complete 
| 206|0x000000008ec00000, 0x000000008ed00000, 0x000000008ed00000|100%| E|CS|TAMS 0x000000008ec00000, 0x000000008ec00000| Complete 
| 207|0x000000008ed00000, 0x000000008ee00000, 0x000000008ee00000|100%| E|CS|TAMS 0x000000008ed00000, 0x000000008ed00000| Complete 
| 208|0x000000008ee00000, 0x000000008ef00000, 0x000000008ef00000|100%| E|CS|TAMS 0x000000008ee00000, 0x000000008ee00000| Complete 
| 209|0x000000008ef00000, 0x000000008f000000, 0x000000008f000000|100%| E|CS|TAMS 0x000000008ef00000, 0x000000008ef00000| Complete 
| 210|0x000000008f000000, 0x000000008f100000, 0x000000008f100000|100%| E|CS|TAMS 0x000000008f000000, 0x000000008f000000| Complete 
| 211|0x000000008f100000, 0x000000008f200000, 0x000000008f200000|100%| E|CS|TAMS 0x000000008f100000, 0x000000008f100000| Complete 
| 212|0x000000008f200000, 0x000000008f300000, 0x000000008f300000|100%| E|CS|TAMS 0x000000008f200000, 0x000000008f200000| Complete 
| 213|0x000000008f300000, 0x000000008f400000, 0x000000008f400000|100%| E|CS|TAMS 0x000000008f300000, 0x000000008f300000| Complete 
| 214|0x000000008f400000, 0x000000008f500000, 0x000000008f500000|100%| E|CS|TAMS 0x000000008f400000, 0x000000008f400000| Complete 
| 215|0x000000008f500000, 0x000000008f600000, 0x000000008f600000|100%| E|CS|TAMS 0x000000008f500000, 0x000000008f500000| Complete 
| 216|0x000000008f600000, 0x000000008f700000, 0x000000008f700000|100%| E|CS|TAMS 0x000000008f600000, 0x000000008f600000| Complete 
| 217|0x000000008f700000, 0x000000008f800000, 0x000000008f800000|100%| E|CS|TAMS 0x000000008f700000, 0x000000008f700000| Complete 
| 218|0x000000008f800000, 0x000000008f900000, 0x000000008f900000|100%| E|CS|TAMS 0x000000008f800000, 0x000000008f800000| Complete 
| 219|0x000000008f900000, 0x000000008fa00000, 0x000000008fa00000|100%| E|CS|TAMS 0x000000008f900000, 0x000000008f900000| Complete 
| 220|0x000000008fa00000, 0x000000008fb00000, 0x000000008fb00000|100%| E|CS|TAMS 0x000000008fa00000, 0x000000008fa00000| Complete 
| 221|0x000000008fb00000, 0x000000008fc00000, 0x000000008fc00000|100%| E|CS|TAMS 0x000000008fb00000, 0x000000008fb00000| Complete 
| 222|0x000000008fc00000, 0x000000008fd00000, 0x000000008fd00000|100%| E|CS|TAMS 0x000000008fc00000, 0x000000008fc00000| Complete 
| 223|0x000000008fd00000, 0x000000008fe00000, 0x000000008fe00000|100%| E|CS|TAMS 0x000000008fd00000, 0x000000008fd00000| Complete 
| 224|0x000000008fe00000, 0x000000008ff00000, 0x000000008ff00000|100%| E|CS|TAMS 0x000000008fe00000, 0x000000008fe00000| Complete 
| 225|0x000000008ff00000, 0x0000000090000000, 0x0000000090000000|100%| E|CS|TAMS 0x000000008ff00000, 0x000000008ff00000| Complete 
| 226|0x0000000090000000, 0x0000000090100000, 0x0000000090100000|100%| E|CS|TAMS 0x0000000090000000, 0x0000000090000000| Complete 
| 227|0x0000000090100000, 0x0000000090200000, 0x0000000090200000|100%| E|CS|TAMS 0x0000000090100000, 0x0000000090100000| Complete 
| 228|0x0000000090200000, 0x0000000090300000, 0x0000000090300000|100%| E|CS|TAMS 0x0000000090200000, 0x0000000090200000| Complete 
| 229|0x0000000090300000, 0x0000000090400000, 0x0000000090400000|100%| E|CS|TAMS 0x0000000090300000, 0x0000000090300000| Complete 
| 230|0x0000000090400000, 0x0000000090500000, 0x0000000090500000|100%| E|CS|TAMS 0x0000000090400000, 0x0000000090400000| Complete 
| 231|0x0000000090500000, 0x0000000090600000, 0x0000000090600000|100%| E|CS|TAMS 0x0000000090500000, 0x0000000090500000| Complete 
| 232|0x0000000090600000, 0x0000000090700000, 0x0000000090700000|100%| E|CS|TAMS 0x0000000090600000, 0x0000000090600000| Complete 
| 233|0x0000000090700000, 0x0000000090800000, 0x0000000090800000|100%| E|CS|TAMS 0x0000000090700000, 0x0000000090700000| Complete 
| 234|0x0000000090800000, 0x0000000090900000, 0x0000000090900000|100%| E|CS|TAMS 0x0000000090800000, 0x0000000090800000| Complete 
| 235|0x0000000090900000, 0x0000000090a00000, 0x0000000090a00000|100%| E|CS|TAMS 0x0000000090900000, 0x0000000090900000| Complete 
| 236|0x0000000090a00000, 0x0000000090b00000, 0x0000000090b00000|100%| E|CS|TAMS 0x0000000090a00000, 0x0000000090a00000| Complete 
| 237|0x0000000090b00000, 0x0000000090c00000, 0x0000000090c00000|100%| E|CS|TAMS 0x0000000090b00000, 0x0000000090b00000| Complete 
| 238|0x0000000090c00000, 0x0000000090d00000, 0x0000000090d00000|100%| E|CS|TAMS 0x0000000090c00000, 0x0000000090c00000| Complete 
| 239|0x0000000090d00000, 0x0000000090e00000, 0x0000000090e00000|100%| E|CS|TAMS 0x0000000090d00000, 0x0000000090d00000| Complete 
| 240|0x0000000090e00000, 0x0000000090f00000, 0x0000000090f00000|100%| E|CS|TAMS 0x0000000090e00000, 0x0000000090e00000| Complete 
| 241|0x0000000090f00000, 0x0000000091000000, 0x0000000091000000|100%| E|CS|TAMS 0x0000000090f00000, 0x0000000090f00000| Complete 
| 242|0x0000000091000000, 0x0000000091100000, 0x0000000091100000|100%| E|CS|TAMS 0x0000000091000000, 0x0000000091000000| Complete 
| 243|0x0000000091100000, 0x0000000091200000, 0x0000000091200000|100%| E|CS|TAMS 0x0000000091100000, 0x0000000091100000| Complete 
| 244|0x0000000091200000, 0x0000000091300000, 0x0000000091300000|100%| E|CS|TAMS 0x0000000091200000, 0x0000000091200000| Complete 
| 245|0x0000000091300000, 0x0000000091400000, 0x0000000091400000|100%| E|CS|TAMS 0x0000000091300000, 0x0000000091300000| Complete 
| 246|0x0000000091400000, 0x0000000091500000, 0x0000000091500000|100%| E|CS|TAMS 0x0000000091400000, 0x0000000091400000| Complete 
| 247|0x0000000091500000, 0x0000000091600000, 0x0000000091600000|100%| E|CS|TAMS 0x0000000091500000, 0x0000000091500000| Complete 

Card table byte_map: [0x000001a8ea080000,0x000001a8ea480000] _byte_map_base: 0x000001a8e9c71000

Marking Bits (Prev, Next): (CMBitMap*) 0x000001a8d0a1f430, (CMBitMap*) 0x000001a8d0a1f3f8
 Prev Bits: [0x000001a8ec810000, 0x000001a8ee798000)
 Next Bits: [0x000001a8ea880000, 0x000001a8ec808000)

Polling page: 0x000001a8d08a0000

Metaspace:

Usage:
  Non-class:     50.85 MB capacity,    49.62 MB ( 98%) used,  1018.39 KB (  2%) free+waste,   240.44 KB ( <1%) overhead. 
      Class:      8.38 MB capacity,     7.56 MB ( 90%) used,   716.55 KB (  8%) free+waste,   119.81 KB (  1%) overhead. 
       Both:     59.23 MB capacity,    57.18 MB ( 97%) used,     1.69 MB (  3%) free+waste,   360.25 KB ( <1%) overhead. 

Virtual space:
  Non-class space:       52.00 MB reserved,      50.88 MB ( 98%) committed 
      Class space:        1.00 GB reserved,       8.45 MB ( <1%) committed 
             Both:        1.05 GB reserved,      59.33 MB (  6%) committed 

Chunk freelists:
   Non-Class:  3.50 KB
       Class:  3.50 KB
        Both:  7.00 KB

CodeHeap 'non-profiled nmethods': size=238912Kb used=10185Kb max_used=10185Kb free=228726Kb
 bounds [0x000001a8dad10000, 0x000001a8db710000, 0x000001a8e9660000]
CodeHeap 'non-nmethods': size=6848Kb used=1210Kb max_used=1210Kb free=5637Kb
 bounds [0x000001a8da660000, 0x000001a8da8d0000, 0x000001a8dad10000]
 total_blobs=6903 nmethods=6330 adapters=499
 compilation: enabled
              stopped_count=0, restarted_count=0
 full_count=0

Compilation events (10 events):
Event: 71882.873 Thread 0x000001a8f0e00000 nmethod 6327 0x000001a8db6fd010 code [0x000001a8db6fd1c0, 0x000001a8db6fd288]
Event: 71882.873 Thread 0x000001a8f0e00000 6328       1       java.net.InetAddress::getAllByName (388 bytes)
Event: 71882.893 Thread 0x000001a8f0e00000 nmethod 6328 0x000001a8db6fd310 code [0x000001a8db6fd820, 0x000001a8db6ff9a8]
Event: 71883.396 Thread 0x000001a8f0e00000 6332   !   1       java.net.InetSocketAddress::<init> (46 bytes)
Event: 71883.399 Thread 0x000001a8f0e00000 nmethod 6332 0x000001a8db700990 code [0x000001a8db700b60, 0x000001a8db700f48]
Event: 71883.399 Thread 0x000001a8f0e00000 6333       1       java.net.InetSocketAddress::checkHost (16 bytes)
Event: 71883.399 Thread 0x000001a8f0e00000 nmethod 6333 0x000001a8db701190 code [0x000001a8db701340, 0x000001a8db701488]
Event: 71883.399 Thread 0x000001a8f0e00000 6334       1       java.net.Socket::connect (248 bytes)
Event: 71883.405 Thread 0x000001a8f0e00000 nmethod 6334 0x000001a8db701510 code [0x000001a8db7017e0, 0x000001a8db702178]
Event: 71883.407 Thread 0x000001a8f0e00000 6337   !   1       java.net.SocksSocketImpl::connect (1522 bytes)

GC Heap History (10 events):
Event: 53334.550 GC heap before
{Heap before GC invocations=21 (full 0):
 garbage-first heap   total 253952K, used 178231K [0x0000000081e00000, 0x0000000100000000)
  region size 1024K, 148 young (151552K), 7 survivors (7168K)
 Metaspace       used 58540K, capacity 60652K, committed 60752K, reserved 1101824K
  class space    used 7735K, capacity 8580K, committed 8652K, reserved 1048576K
}
Event: 53334.558 GC heap after
{Heap after GC invocations=22 (full 0):
 garbage-first heap   total 253952K, used 33115K [0x0000000081e00000, 0x0000000100000000)
  region size 1024K, 6 young (6144K), 6 survivors (6144K)
 Metaspace       used 58540K, capacity 60652K, committed 60752K, reserved 1101824K
  class space    used 7735K, capacity 8580K, committed 8652K, reserved 1048576K
}
Event: 57641.769 GC heap before
{Heap before GC invocations=22 (full 0):
 garbage-first heap   total 253952K, used 178523K [0x0000000081e00000, 0x0000000100000000)
  region size 1024K, 148 young (151552K), 6 survivors (6144K)
 Metaspace       used 58540K, capacity 60652K, committed 60752K, reserved 1101824K
  class space    used 7735K, capacity 8580K, committed 8652K, reserved 1048576K
}
Event: 57641.776 GC heap after
{Heap after GC invocations=23 (full 0):
 garbage-first heap   total 253952K, used 33082K [0x0000000081e00000, 0x0000000100000000)
  region size 1024K, 6 young (6144K), 6 survivors (6144K)
 Metaspace       used 58540K, capacity 60652K, committed 60752K, reserved 1101824K
  class space    used 7735K, capacity 8580K, committed 8652K, reserved 1048576K
}
Event: 61753.199 GC heap before
{Heap before GC invocations=23 (full 0):
 garbage-first heap   total 253952K, used 178490K [0x0000000081e00000, 0x0000000100000000)
  region size 1024K, 148 young (151552K), 6 survivors (6144K)
 Metaspace       used 58540K, capacity 60652K, committed 60752K, reserved 1101824K
  class space    used 7735K, capacity 8580K, committed 8652K, reserved 1048576K
}
Event: 61753.208 GC heap after
{Heap after GC invocations=24 (full 0):
 garbage-first heap   total 253952K, used 33586K [0x0000000081e00000, 0x0000000100000000)
  region size 1024K, 6 young (6144K), 6 survivors (6144K)
 Metaspace       used 58540K, capacity 60652K, committed 60752K, reserved 1101824K
  class space    used 7735K, capacity 8580K, committed 8652K, reserved 1048576K
}
Event: 66096.559 GC heap before
{Heap before GC invocations=24 (full 0):
 garbage-first heap   total 253952K, used 178994K [0x0000000081e00000, 0x0000000100000000)
  region size 1024K, 148 young (151552K), 6 survivors (6144K)
 Metaspace       used 58541K, capacity 60652K, committed 60752K, reserved 1101824K
  class space    used 7736K, capacity 8580K, committed 8652K, reserved 1048576K
}
Event: 66096.567 GC heap after
{Heap after GC invocations=25 (full 0):
 garbage-first heap   total 253952K, used 32837K [0x0000000081e00000, 0x0000000100000000)
  region size 1024K, 6 young (6144K), 6 survivors (6144K)
 Metaspace       used 58541K, capacity 60652K, committed 60752K, reserved 1101824K
  class space    used 7736K, capacity 8580K, committed 8652K, reserved 1048576K
}
Event: 70236.940 GC heap before
{Heap before GC invocations=25 (full 0):
 garbage-first heap   total 253952K, used 178245K [0x0000000081e00000, 0x0000000100000000)
  region size 1024K, 148 young (151552K), 6 survivors (6144K)
 Metaspace       used 58541K, capacity 60652K, committed 60752K, reserved 1101824K
  class space    used 7736K, capacity 8580K, committed 8652K, reserved 1048576K
}
Event: 70237.046 GC heap after
{Heap after GC invocations=26 (full 0):
 garbage-first heap   total 253952K, used 33587K [0x0000000081e00000, 0x0000000100000000)
  region size 1024K, 6 young (6144K), 6 survivors (6144K)
 Metaspace       used 58541K, capacity 60652K, committed 60752K, reserved 1101824K
  class space    used 7736K, capacity 8580K, committed 8652K, reserved 1048576K
}

Deoptimization events (0 events):
No events

Classes redefined (0 events):
No events

Internal exceptions (10 events):
Event: 12.086 Thread 0x000001a8f2303800 Exception <a 'java/lang/ClassNotFoundException'{0x000000008b417fa0}: org/springframework/boot/devtools/autoconfigure/LocalDevToolsAutoConfigurationCustomizer> (0x000000008b417fa0) thrown at [./open/src/hotspot/share/classfile/systemDictionary.cpp, line 22
Event: 12.116 Thread 0x000001a8f2303800 Exception <a 'java/lang/NoSuchMethodError'{0x000000008b32aea8}: java.lang.invoke.DirectMethodHandle$Holder.invokeSpecial(Ljava/lang/Object;Ljava/lang/Object;ILjava/lang/Object;ILjava/lang/Object;)Ljava/lang/Object;> (0x000000008b32aea8) thrown at [./open/
Event: 12.117 Thread 0x000001a8f2303800 Exception <a 'java/lang/NoSuchMethodError'{0x000000008b332630}: java.lang.invoke.DirectMethodHandle$Holder.invokeStatic(Ljava/lang/Object;Ljava/lang/Object;ILjava/lang/Object;I)Ljava/lang/Object;> (0x000000008b332630) thrown at [./open/src/hotspot/share/i
Event: 12.117 Thread 0x000001a8f2303800 Exception <a 'java/lang/NoSuchMethodError'{0x000000008b335e08}: java.lang.invoke.DirectMethodHandle$Holder.invokeSpecial(Ljava/lang/Object;Ljava/lang/Object;Ljava/lang/Object;ILjava/lang/Object;I)Ljava/lang/Object;> (0x000000008b335e08) thrown at [./open/
Event: 12.118 Thread 0x000001a8f2303800 Exception <a 'java/lang/NoSuchMethodError'{0x000000008b341698}: java.lang.invoke.DirectMethodHandle$Holder.invokeVirtual(Ljava/lang/Object;Ljava/lang/Object;)V> (0x000000008b341698) thrown at [./open/src/hotspot/share/interpreter/linkResolver.cpp, line 77
Event: 71881.769 Thread 0x000001a8f3a4d800 Exception <a 'java/net/SocketException'{0x000000008e4fdcf0}: Connection reset by peer: socket write error> (0x000000008e4fdcf0) thrown at [./open/src/hotspot/share/prims/jni.cpp, line 632]
Event: 71881.803 Thread 0x000001a8f3a52000 Exception <a 'java/net/SocketException'{0x000000008e48c0b8}: Software caused connection abort: recv failed> (0x000000008e48c0b8) thrown at [./open/src/hotspot/share/prims/jni.cpp, line 632]
Event: 71882.420 Thread 0x000001a8f3a52000 Exception <a 'java/net/SocketException'{0x000000008e4f03f0}: Software caused connection abort: recv failed> (0x000000008e4f03f0) thrown at [./open/src/hotspot/share/prims/jni.cpp, line 632]
Event: 71882.833 Thread 0x000001a8f3a52000 Exception <a 'java/net/SocketException'{0x000000008e382b68}: Software caused connection abort: recv failed> (0x000000008e382b68) thrown at [./open/src/hotspot/share/prims/jni.cpp, line 632]
Event: 71883.451 Thread 0x000001a8f3a52000 Exception <a 'sun/net/ConnectionResetException'{0x000000008e3a1568}: > (0x000000008e3a1568) thrown at [./open/src/hotspot/share/prims/jni.cpp, line 632]

Events (10 events):
Event: 71882.050 loading class java/util/MissingResourceException
Event: 71882.055 loading class java/util/MissingResourceException done
Event: 71882.064 loading class org/postgresql/util/PSQLState
Event: 71882.064 loading class org/postgresql/util/PSQLState done
Event: 71882.142 loading class com/zaxxer/hikari/pool/PoolBase$ConnectionSetupException
Event: 71882.142 loading class com/zaxxer/hikari/pool/PoolBase$ConnectionSetupException done
Event: 71882.145 Executing VM operation: RevokeBias
Event: 71882.146 Executing VM operation: RevokeBias done
Event: 71883.409 loading class org/postgresql/util/ServerErrorMessage
Event: 71883.409 loading class org/postgresql/util/ServerErrorMessage done


Dynamic libraries:
0x00007ff7c80b0000 - 0x00007ff7c80bf000 	C:\Program Files\Java\jdk-11.0.11\bin\java.exe
0x00007ffa47b50000 - 0x00007ffa47d45000 	C:\WINDOWS\SYSTEM32\ntdll.dll
0x00007ffa47140000 - 0x00007ffa471fe000 	C:\WINDOWS\System32\KERNEL32.DLL
0x00007ffa45530000 - 0x00007ffa457f8000 	C:\WINDOWS\System32\KERNELBASE.dll
0x00007ffa45260000 - 0x00007ffa45360000 	C:\WINDOWS\System32\ucrtbase.dll
0x00007ffa28470000 - 0x00007ffa28488000 	C:\Program Files\Java\jdk-11.0.11\bin\jli.dll
0x00007ffa476a0000 - 0x00007ffa4774c000 	C:\WINDOWS\System32\ADVAPI32.dll
0x00007ffa46d00000 - 0x00007ffa46d9e000 	C:\WINDOWS\System32\msvcrt.dll
0x00007ffa470a0000 - 0x00007ffa4713b000 	C:\WINDOWS\System32\sechost.dll
0x00007ffa45b90000 - 0x00007ffa45cba000 	C:\WINDOWS\System32\RPCRT4.dll
0x00007ffa46ef0000 - 0x00007ffa47091000 	C:\WINDOWS\System32\USER32.dll
0x00007ffa45500000 - 0x00007ffa45522000 	C:\WINDOWS\System32\win32u.dll
0x00007ffa46c50000 - 0x00007ffa46c7b000 	C:\WINDOWS\System32\GDI32.dll
0x00007ffa45a80000 - 0x00007ffa45b8d000 	C:\WINDOWS\System32\gdi32full.dll
0x00007ffa45960000 - 0x00007ffa459fd000 	C:\WINDOWS\System32\msvcp_win.dll
0x00007ffa40cb0000 - 0x00007ffa40cc5000 	C:\Program Files\Java\jdk-11.0.11\bin\VCRUNTIME140.dll
0x00007ffa341b0000 - 0x00007ffa3444a000 	C:\WINDOWS\WinSxS\amd64_microsoft.windows.common-controls_6595b64144ccf1df_6.0.19041.1110_none_60b5254171f9507e\COMCTL32.dll
0x00007ffa33620000 - 0x00007ffa3362a000 	C:\WINDOWS\SYSTEM32\VERSION.dll
0x00007ffa46ec0000 - 0x00007ffa46ef0000 	C:\WINDOWS\System32\IMM32.DLL
0x00007ffa25980000 - 0x00007ffa25a1b000 	C:\Program Files\Java\jdk-11.0.11\bin\msvcp140.dll
0x00007ffa05d10000 - 0x00007ffa0680e000 	C:\Program Files\Java\jdk-11.0.11\bin\server\jvm.dll
0x00007ffa47b00000 - 0x00007ffa47b08000 	C:\WINDOWS\System32\PSAPI.DLL
0x00007ffa40dc0000 - 0x00007ffa40dc9000 	C:\WINDOWS\SYSTEM32\WSOCK32.dll
0x00007ffa472d0000 - 0x00007ffa4733b000 	C:\WINDOWS\System32\WS2_32.dll
0x00007ffa361a0000 - 0x00007ffa361c7000 	C:\WINDOWS\SYSTEM32\WINMM.dll
0x00007ffa43150000 - 0x00007ffa43162000 	C:\WINDOWS\SYSTEM32\kernel.appcore.dll
0x00007ffa28460000 - 0x00007ffa28470000 	C:\Program Files\Java\jdk-11.0.11\bin\verify.dll
0x00007ffa31d70000 - 0x00007ffa31f54000 	C:\WINDOWS\SYSTEM32\DBGHELP.DLL
0x00007ffa31c10000 - 0x00007ffa31c3c000 	C:\WINDOWS\SYSTEM32\dbgcore.DLL
0x00007ffa453c0000 - 0x00007ffa45442000 	C:\WINDOWS\System32\bcryptPrimitives.dll
0x00007ffa28430000 - 0x00007ffa28458000 	C:\Program Files\Java\jdk-11.0.11\bin\java.dll
0x00007ffa28420000 - 0x00007ffa2842a000 	C:\Program Files\Java\jdk-11.0.11\bin\jimage.dll
0x00007ffa28410000 - 0x00007ffa2841e000 	C:\Program Files\Java\jdk-11.0.11\bin\instrument.dll
0x00007ffa261c0000 - 0x00007ffa261d6000 	C:\Program Files\Java\jdk-11.0.11\bin\zip.dll
0x00007ffa45d20000 - 0x00007ffa46464000 	C:\WINDOWS\System32\SHELL32.dll
0x00007ffa43350000 - 0x00007ffa43ae4000 	C:\WINDOWS\SYSTEM32\windows.storage.dll
0x00007ffa46470000 - 0x00007ffa467c5000 	C:\WINDOWS\System32\combase.dll
0x00007ffa44c40000 - 0x00007ffa44c6e000 	C:\WINDOWS\SYSTEM32\Wldp.dll
0x00007ffa47480000 - 0x00007ffa4752d000 	C:\WINDOWS\System32\SHCORE.dll
0x00007ffa47260000 - 0x00007ffa472b5000 	C:\WINDOWS\System32\shlwapi.dll
0x00007ffa451a0000 - 0x00007ffa451bf000 	C:\WINDOWS\SYSTEM32\profapi.dll
0x00007ffa261a0000 - 0x00007ffa261b9000 	C:\Program Files\Java\jdk-11.0.11\bin\net.dll
0x00007ffa35700000 - 0x00007ffa3580c000 	C:\WINDOWS\SYSTEM32\WINHTTP.dll
0x00007ffa449a0000 - 0x00007ffa44a0a000 	C:\WINDOWS\system32\mswsock.dll
0x00007ffa26180000 - 0x00007ffa26192000 	C:\Program Files\Java\jdk-11.0.11\bin\nio.dll
0x00007ffa25dc0000 - 0x00007ffa25dda000 	C:\Program Files\JetBrains\IntelliJ IDEA 2021.1.1\bin\breakgen64.dll
0x00007ffa446d0000 - 0x00007ffa4479b000 	C:\WINDOWS\SYSTEM32\DNSAPI.dll
0x00007ffa44690000 - 0x00007ffa446cb000 	C:\WINDOWS\SYSTEM32\IPHLPAPI.DLL
0x00007ffa47470000 - 0x00007ffa47478000 	C:\WINDOWS\System32\NSI.dll
0x00007ffa34ca0000 - 0x00007ffa34caa000 	C:\Windows\System32\rasadhlp.dll
0x00007ffa35810000 - 0x00007ffa3588f000 	C:\WINDOWS\System32\fwpuclnt.dll
0x00007ffa45a50000 - 0x00007ffa45a77000 	C:\WINDOWS\System32\bcrypt.dll
0x00007ffa283e0000 - 0x00007ffa283e9000 	C:\Program Files\Java\jdk-11.0.11\bin\management.dll
0x00007ffa26170000 - 0x00007ffa2617b000 	C:\Program Files\Java\jdk-11.0.11\bin\management_ext.dll
0x00007ffa44b90000 - 0x00007ffa44ba8000 	C:\WINDOWS\SYSTEM32\CRYPTSP.dll
0x00007ffa44320000 - 0x00007ffa44354000 	C:\WINDOWS\system32\rsaenh.dll
0x00007ffa45160000 - 0x00007ffa4518e000 	C:\WINDOWS\SYSTEM32\USERENV.dll
0x00007ffa44bb0000 - 0x00007ffa44bbc000 	C:\WINDOWS\SYSTEM32\CRYPTBASE.dll
0x00007ffa3d380000 - 0x00007ffa3d397000 	C:\WINDOWS\SYSTEM32\dhcpcsvc6.DLL
0x00007ffa3d580000 - 0x00007ffa3d59d000 	C:\WINDOWS\SYSTEM32\dhcpcsvc.DLL
0x00007ffa2a2e0000 - 0x00007ffa2a2f7000 	C:\WINDOWS\system32\napinsp.dll
0x00007ffa2a2c0000 - 0x00007ffa2a2db000 	C:\WINDOWS\system32\pnrpnsp.dll
0x00007ffa401b0000 - 0x00007ffa401c5000 	C:\WINDOWS\system32\wshbth.dll
0x00007ffa40c80000 - 0x00007ffa40c9d000 	C:\WINDOWS\system32\NLAapi.dll
0x00007ffa2a2a0000 - 0x00007ffa2a2b2000 	C:\WINDOWS\System32\winrnr.dll
0x00007ffa25b60000 - 0x00007ffa25b85000 	C:\Program Files\Java\jdk-11.0.11\bin\sunec.dll

dbghelp: loaded successfully - version: 4.0.5 - missing functions: none
symbol engine: initialized successfully - sym options: 0x614 - pdb path: .;C:\Program Files\Java\jdk-11.0.11\bin;C:\WINDOWS\SYSTEM32;C:\WINDOWS\WinSxS\amd64_microsoft.windows.common-controls_6595b64144ccf1df_6.0.19041.1110_none_60b5254171f9507e;C:\Program Files\Java\jdk-11.0.11\bin\server;C:\Program Files\JetBrains\IntelliJ IDEA 2021.1.1\bin

VM Arguments:
jvm_args: -XX:TieredStopAtLevel=1 -Xverify:none -Dspring.output.ansi.enabled=always -javaagent:C:\Program Files\JetBrains\IntelliJ IDEA 2021.1.1\lib\idea_rt.jar=5050:C:\Program Files\JetBrains\IntelliJ IDEA 2021.1.1\bin -Dcom.sun.management.jmxremote -Dspring.jmx.enabled=true -Dspring.liveBeansView.mbeanDomain -Dspring.application.admin.enabled=true -Dfile.encoding=UTF-8 
java_command: com.example.spring_university_professor.SpringUniversityProfessorApplication
java_class_path (initial): C:\Users\YH\spring-workspace\Spring_University_Professor\target\classes;C:\Users\YH\.m2\repository\org\springframework\boot\spring-boot-starter-data-jpa\2.6.2\spring-boot-starter-data-jpa-2.6.2.jar;C:\Users\YH\.m2\repository\org\springframework\boot\spring-boot-starter-aop\2.6.2\spring-boot-starter-aop-2.6.2.jar;C:\Users\YH\.m2\repository\org\springframework\spring-aop\5.3.14\spring-aop-5.3.14.jar;C:\Users\YH\.m2\repository\org\aspectj\aspectjweaver\1.9.7\aspectjweaver-1.9.7.jar;C:\Users\YH\.m2\repository\org\springframework\boot\spring-boot-starter-jdbc\2.6.2\spring-boot-starter-jdbc-2.6.2.jar;C:\Users\YH\.m2\repository\org\springframework\spring-jdbc\5.3.14\spring-jdbc-5.3.14.jar;C:\Users\YH\.m2\repository\jakarta\transaction\jakarta.transaction-api\1.3.3\jakarta.transaction-api-1.3.3.jar;C:\Users\YH\.m2\repository\jakarta\persistence\jakarta.persistence-api\2.2.3\jakarta.persistence-api-2.2.3.jar;C:\Users\YH\.m2\repository\org\hibernate\hibernate-core\5.6.3.Final\hibernate-core-5.6.3.Final.jar;C:\Users\YH\.m2\repository\org\jboss\logging\jboss-logging\3.4.2.Final\jboss-logging-3.4.2.Final.jar;C:\Users\YH\.m2\repository\net\bytebuddy\byte-buddy\1.11.22\byte-buddy-1.11.22.jar;C:\Users\YH\.m2\repository\antlr\antlr\2.7.7\antlr-2.7.7.jar;C:\Users\YH\.m2\repository\org\jboss\jandex\2.2.3.Final\jandex-2.2.3.Final.jar;C:\Users\YH\.m2\repository\com\fasterxml\classmate\1.5.1\classmate-1.5.1.jar;C:\Users\YH\.m2\repository\org\hibernate\common\hibernate-commons-annotations\5.1.2.Final\hibernate-commons-annotations-5.1.2.Final.jar;C:\Users\YH\.m2\repository\org\glassfish\jaxb\jaxb-runtime\2.3.5\jaxb-runtime-2.3.5.jar;C:\Users\YH\.m2\repository\org\glassfish\jaxb\txw2\2.3.5\txw2-2.3.5.jar;C:\Users\YH\.m2\repository\com\sun\istack\istack-commons-runtime\3.0.12\istack-commons-runtime-3.0.12.jar;C:\Users\YH\.m2\repository\com\sun\activation\jakarta.activation\1.2.2\jakarta.activation-1.2.2.jar;C:\Users\YH\.m2\repository\org\springframework\data\spri
Launcher Type: SUN_STANDARD

[Global flags]
     bool BytecodeVerificationLocal                = false                                     {product} {command line}
     bool BytecodeVerificationRemote               = false                                     {product} {command line}
     intx CICompilerCount                          = 3                                         {product} {ergonomic}
     uint ConcGCThreads                            = 1                                         {product} {ergonomic}
     uint G1ConcRefinementThreads                  = 4                                         {product} {ergonomic}
   size_t G1HeapRegionSize                         = 1048576                                   {product} {ergonomic}
    uintx GCDrainStackTargetSize                   = 64                                        {product} {ergonomic}
   size_t InitialHeapSize                          = 134217728                                 {product} {ergonomic}
     bool ManagementServer                         = true                                      {product} {command line}
   size_t MarkStackSize                            = 4194304                                   {product} {ergonomic}
   size_t MaxHeapSize                              = 2116026368                                {product} {ergonomic}
   size_t MaxNewSize                               = 1268776960                                {product} {ergonomic}
   size_t MinHeapDeltaBytes                        = 1048576                                   {product} {ergonomic}
    uintx NonNMethodCodeHeapSize                   = 6973028                                {pd product} {ergonomic}
    uintx NonProfiledCodeHeapSize                  = 244685212                              {pd product} {ergonomic}
    uintx ProfiledCodeHeapSize                     = 0                                      {pd product} {ergonomic}
    uintx ReservedCodeCacheSize                    = 251658240                              {pd product} {ergonomic}
     bool SegmentedCodeCache                       = true                                      {product} {ergonomic}
     intx TieredStopAtLevel                        = 1                                         {product} {command line}
     bool UseCompressedClassPointers               = true                                 {lp64_product} {ergonomic}
     bool UseCompressedOops                        = true                                 {lp64_product} {ergonomic}
     bool UseG1GC                                  = true                                      {product} {ergonomic}
     bool UseLargePagesIndividualAllocation        = false                                  {pd product} {ergonomic}

Logging:
Log output configuration:
 #0: stdout all=warning uptime,level,tags
 #1: stderr all=off uptime,level,tags

Environment Variables:
JAVA_HOME=C:\Program Files\Java\jdk-11.0.11
PATH=C:\Program Files\Common Files\Oracle\Java\javapath;C:\Program Files (x86)\Common Files\Oracle\Java\javapath;C:\WINDOWS\system32;C:\WINDOWS;C:\WINDOWS\System32\Wbem;C:\WINDOWS\System32\WindowsPowerShell\v1.0\;C:\WINDOWS\System32\OpenSSH\;C:\mvn\bin;C:\Program Files\Java\jdk1.8.0_291\bin;C:\Program Files\Git\cmd;C:\Program Files\Java\jdk-11.0.11\bin;C:\Gradle\bin;C:\Program Files\Java\jdk-11.0.11\bin;C:\ProgramData\chocolatey\bin;C:\pgsql\bin;C:\Program Files\PuTTY\;C:\Program Files\MySQL\MySQL Shell 8.0\bin\;C:\Users\YH\AppData\Local\Programs\Python\Python310\Scripts\;C:\Users\YH\AppData\Local\Programs\Python\Python310\;C:\Users\YH\AppData\Local\Programs\Python\Python39\Scripts\;C:\Users\YH\AppData\Local\Programs\Python\Python39\;C:\Users\YH\AppData\Local\Microsoft\WindowsApps;C:\Users\YH\AppData\Local\Programs\Microsoft VS Code\bin;C:\Program Files\JetBrains\PyCharm 2021.2.3\bin;;C:\Program Files\JetBrains\DataGrip 2021.3.2\bin;
USERNAME=YH
OS=Windows_NT
PROCESSOR_IDENTIFIER=Intel64 Family 6 Model 61 Stepping 4, GenuineIntel



---------------  S Y S T E M  ---------------

OS: Windows 10 , 64 bit Build 19041 (10.0.19041.1348)

CPU:total 4 (initial active 4) (2 cores per cpu, 2 threads per core) family 6 model 61 stepping 4 microcode 0x2f, cmov, cx8, fxsr, mmx, sse, sse2, sse3, ssse3, sse4.1, sse4.2, popcnt, avx, avx2, aes, clmul, erms, rtm, 3dnowpref, lzcnt, ht, tsc, tscinvbit, bmi1, bmi2, adx, fma

Memory: 4k page, system-wide physical 8067M (622M free)
TotalPageFile size 32643M (AvailPageFile size 0M)
current process WorkingSet (physical memory assigned to process): 47M, peak: 307M
current process commit charge ("private bytes"): 412M, peak: 417M

vm_info: Java HotSpot(TM) 64-Bit Server VM (11.0.11+9-LTS-194) for windows-amd64 JRE (11.0.11+9-LTS-194), built on Mar 18 2021 18:46:53 by "mach5one" with MS VC++ 15.9 (VS2017)

END.
