JvmtiExport can_access_local_variables 0
JvmtiExport can_hotswap_or_post_breakpoint 0
JvmtiExport can_post_on_exceptions 0
# 234 ciObject found
instanceKlass org/postgresql/util/ServerErrorMessage
instanceKlass org/postgresql/util/GT
instanceKlass com/zaxxer/hikari/pool/HikariPool$$Lambda$1259
instanceKlass org/apache/catalina/Session
instanceKlass sun/net/ResourceManager
instanceKlass org/apache/tomcat/PeriodicEventListener
instanceKlass org/apache/catalina/webresources/Cache$EvictionOrder
instanceKlass javax/management/remote/rmi/RMIConnector$Util
instanceKlass com/sun/jmx/mbeanserver/Repository$ObjectNamePattern
instanceKlass javax/management/remote/rmi/RMIConnectionImpl$SetCcl
instanceKlass javax/management/remote/rmi/RMIConnectionImpl$7
instanceKlass javax/management/remote/rmi/RMIConnectionImpl$6
instanceKlass java/util/stream/DoubleStream
instanceKlass java/util/function/ToDoubleFunction
instanceKlass java/util/stream/LongStream
instanceKlass org/springframework/boot/devtools/restart/Restarter$$Lambda$1258
instanceKlass org/springframework/boot/SpringApplicationRunListeners$$Lambda$1257
instanceKlass org/springframework/boot/CommandLineRunner
instanceKlass org/springframework/boot/ApplicationRunner
instanceKlass org/springframework/boot/SpringApplicationRunListeners$$Lambda$1256
instanceKlass jdk/internal/math/FDBigInteger
instanceKlass java/util/AbstractMap$1$1
instanceKlass org/springframework/beans/CachedIntrospectionResults$$Lambda$1255
instanceKlass org/springframework/beans/CachedIntrospectionResults$$Lambda$1254
instanceKlass org/springframework/beans/CachedIntrospectionResults$$Lambda$1253
instanceKlass javax/management/DescriptorKey
instanceKlass org/springframework/context/support/LiveBeansView
instanceKlass org/springframework/context/support/LiveBeansViewMBean
instanceKlass org/springframework/boot/autoconfigure/condition/ConditionEvaluationReport$$Lambda$1252
instanceKlass org/springframework/boot/autoconfigure/condition/ConditionEvaluationReport$$Lambda$1251
instanceKlass org/apache/coyote/AbstractProtocol$$Lambda$1250
instanceKlass java/util/stream/Collectors$$Lambda$1249
instanceKlass java/util/stream/Collectors$$Lambda$1248
instanceKlass java/util/stream/Collectors$$Lambda$1247
instanceKlass java/util/stream/Collectors$$Lambda$1246
instanceKlass org/springframework/boot/web/embedded/tomcat/TomcatWebServer$$Lambda$1245
instanceKlass org/springframework/boot/web/embedded/tomcat/TomcatWebServer$$Lambda$1244
instanceKlass org/springframework/boot/web/embedded/tomcat/TomcatWebServer$$Lambda$1243
instanceKlass org/springframework/boot/web/embedded/tomcat/TomcatEmbeddedContext$$Lambda$1242
instanceKlass org/springframework/boot/web/embedded/tomcat/TomcatEmbeddedContext$$Lambda$1241
instanceKlass java/util/TreeMap$TreeMapSpliterator
instanceKlass org/springframework/boot/web/embedded/tomcat/TomcatEmbeddedContext$$Lambda$1240
instanceKlass org/apache/coyote/AbstractProtocol$$Lambda$1239
instanceKlass java/nio/channels/spi/AbstractSelector$1
instanceKlass org/apache/tomcat/util/net/Acceptor
instanceKlass sun/nio/ch/OptionKey
instanceKlass sun/nio/ch/SocketOptionRegistry$LazyInitialization
instanceKlass sun/nio/ch/SocketOptionRegistry$RegistryKey
instanceKlass sun/nio/ch/SocketOptionRegistry
instanceKlass java/util/stream/Collectors$$Lambda$1238
instanceKlass java/util/stream/Collectors$$Lambda$1237
instanceKlass java/util/stream/Collectors$$Lambda$1236
instanceKlass java/util/stream/Collectors$$Lambda$1235
instanceKlass sun/net/ext/ExtendedSocketOptions$$Lambda$1234
instanceKlass sun/nio/ch/ExtendedSocketOption$1
instanceKlass sun/nio/ch/ExtendedSocketOption
instanceKlass sun/nio/ch/SocketChannelImpl$DefaultOptionsHolder
instanceKlass java/nio/BufferMismatch
instanceKlass java/nio/channels/spi/AbstractInterruptibleChannel$1
instanceKlass sun/nio/ch/Interruptible
instanceKlass sun/nio/ch/PipeImpl$Initializer$LoopbackConnector
instanceKlass sun/nio/ch/PipeImpl$Initializer
instanceKlass java/nio/channels/Pipe
instanceKlass sun/nio/ch/NativeObject
instanceKlass sun/nio/ch/PollArrayWrapper
instanceKlass sun/nio/ch/WindowsSelectorImpl$FinishLock
instanceKlass sun/nio/ch/WindowsSelectorImpl$StartLock
instanceKlass sun/nio/ch/WindowsSelectorImpl$SubSelector
instanceKlass java/nio/channels/SelectionKey
instanceKlass sun/nio/ch/Util$2
instanceKlass java/nio/channels/Selector
instanceKlass org/apache/tomcat/util/collections/SynchronizedQueue
instanceKlass org/apache/tomcat/util/net/NioEndpoint$Poller
instanceKlass org/apache/tomcat/util/threads/ThreadPoolExecutor$RejectPolicy
instanceKlass org/apache/tomcat/util/threads/ThreadPoolExecutor$RejectedExecutionHandler
instanceKlass jdk/net/ExtendedSocketOptions$PlatformSocketOptions$1
instanceKlass jdk/net/ExtendedSocketOptions$PlatformSocketOptions
instanceKlass jdk/net/SocketFlow
instanceKlass jdk/net/ExtendedSocketOptions$ExtSocketOption
instanceKlass jdk/net/ExtendedSocketOptions
instanceKlass sun/net/ext/ExtendedSocketOptions
instanceKlass sun/nio/ch/Net$1
instanceKlass java/net/ProtocolFamily
instanceKlass sun/nio/ch/Net
instanceKlass sun/nio/ch/SelChImpl
instanceKlass sun/nio/ch/DefaultSelectorProvider
instanceKlass java/nio/channels/spi/SelectorProvider$1
instanceKlass java/nio/channels/spi/SelectorProvider
instanceKlass java/nio/channels/NetworkChannel
instanceKlass org/springframework/context/support/DefaultLifecycleProcessor$$Lambda$1233
instanceKlass java/lang/invoke/LambdaForm$DMH
instanceKlass org/springframework/context/support/DefaultLifecycleProcessor$LifecycleGroupMember
instanceKlass java/lang/invoke/LambdaForm$MH
instanceKlass java/lang/invoke/LambdaForm$DMH
instanceKlass java/lang/invoke/LambdaForm$DMH
instanceKlass org/springframework/context/support/DefaultLifecycleProcessor$$Lambda$1232
instanceKlass java/lang/invoke/LambdaForm$DMH
instanceKlass org/springframework/context/support/DefaultLifecycleProcessor$$Lambda$1231
instanceKlass java/lang/invoke/LambdaForm$DMH
instanceKlass org/springframework/jmx/support/ObjectNameManager
instanceKlass org/springframework/jmx/export/naming/SelfNaming
instanceKlass org/springframework/jmx/export/MBeanExporter$$Lambda$1230
instanceKlass org/springframework/jmx/export/annotation/ManagedResource
instanceKlass org/springframework/jmx/export/MBeanExporter$$Lambda$1229
instanceKlass org/springframework/jmx/export/MBeanExporter$$Lambda$1228
instanceKlass javax/servlet/descriptor/JspConfigDescriptor
instanceKlass javax/servlet/RequestDispatcher
instanceKlass org/springframework/context/event/EventListenerMethodProcessor$$Lambda$1227
instanceKlass org/springframework/context/event/EventListener
instanceKlass org/springframework/boot/devtools/restart/Restarter$LeakSafeThreadFactory$$Lambda$1226
instanceKlass org/springframework/boot/devtools/livereload/LiveReloadServer$$Lambda$1225
instanceKlass org/springframework/boot/devtools/livereload/Connection
instanceKlass org/springframework/boot/devtools/livereload/LiveReloadServer$WorkerThreadFactory
instanceKlass org/springframework/boot/devtools/restart/Restarter$LeakSafeThreadFactory
instanceKlass org/springframework/beans/factory/support/AbstractBeanFactory$$Lambda$1224
instanceKlass org/springframework/boot/devtools/filewatch/FileSystemWatcher$Watcher
instanceKlass org/springframework/boot/devtools/filewatch/FileSnapshot
instanceKlass org/springframework/boot/devtools/filewatch/DirectorySnapshot$$Lambda$1223
instanceKlass org/springframework/boot/devtools/filewatch/FileSystemWatcher$$Lambda$1222
instanceKlass org/springframework/boot/devtools/filewatch/DirectorySnapshot
instanceKlass org/springframework/boot/devtools/classpath/ClassPathFileChangeListener
instanceKlass org/springframework/boot/devtools/filewatch/FileChangeListener
instanceKlass org/springframework/boot/devtools/filewatch/FileSystemWatcher$$Lambda$1221
instanceKlass org/springframework/boot/devtools/filewatch/FileSystemWatcher$$Lambda$1220
instanceKlass org/springframework/boot/devtools/classpath/ClassPathDirectories
instanceKlass org/springframework/boot/devtools/filewatch/StaticSnapshotStateRepository
instanceKlass org/springframework/boot/devtools/filewatch/SnapshotStateRepository$1
instanceKlass org/springframework/boot/devtools/filewatch/SnapshotStateRepository
instanceKlass org/springframework/boot/devtools/filewatch/ChangedFile
instanceKlass org/springframework/boot/devtools/classpath/PatternClassPathRestartStrategy
instanceKlass org/springframework/boot/devtools/autoconfigure/LocalDevToolsAutoConfiguration$RestartConfiguration$$Lambda$1219
instanceKlass org/springframework/boot/devtools/autoconfigure/LocalDevToolsAutoConfiguration$RestartConfiguration$$Lambda$1218
instanceKlass org/springframework/boot/devtools/autoconfigure/RemoteDevToolsProperties$Proxy
instanceKlass org/springframework/boot/devtools/autoconfigure/RemoteDevToolsProperties$Restart
instanceKlass org/springframework/web/multipart/MultipartHttpServletRequest
instanceKlass org/springframework/web/multipart/MultipartRequest
instanceKlass org/springframework/boot/web/client/RestTemplateRequestCustomizer
instanceKlass org/springframework/boot/web/client/RestTemplateCustomizer
instanceKlass org/springframework/transaction/support/TransactionCallback
instanceKlass org/springframework/boot/task/TaskSchedulerBuilder$$Lambda$1217
instanceKlass org/springframework/boot/autoconfigure/task/ScheduledBeanLazyInitializationExcludeFilter
instanceKlass org/springframework/boot/task/TaskSchedulerCustomizer
instanceKlass org/springframework/scheduling/annotation/SchedulingConfigurer
instanceKlass org/springframework/jdbc/core/PreparedStatementCreatorFactory
instanceKlass org/springframework/jdbc/core/namedparam/SqlParameterSource
instanceKlass org/springframework/jdbc/core/namedparam/NamedParameterJdbcTemplate$$Lambda$1216
instanceKlass org/springframework/jdbc/core/namedparam/ParsedSql
instanceKlass org/springframework/jdbc/core/namedparam/NamedParameterUtils
instanceKlass org/springframework/jdbc/support/SQLExceptionTranslator
instanceKlass org/springframework/jdbc/support/rowset/SqlRowSet
instanceKlass org/springframework/jdbc/core/SqlParameter
instanceKlass org/springframework/jdbc/core/BatchPreparedStatementSetter
instanceKlass org/springframework/jdbc/core/ParameterizedPreparedStatementSetter
instanceKlass org/springframework/jdbc/core/RowMapper
instanceKlass org/springframework/jdbc/core/RowCallbackHandler
instanceKlass org/springframework/jdbc/core/ResultSetExtractor
instanceKlass org/springframework/jdbc/core/CallableStatementCallback
instanceKlass org/springframework/jdbc/core/CallableStatementCreator
instanceKlass org/springframework/jdbc/core/PreparedStatementCallback
instanceKlass org/springframework/jdbc/core/StatementCallback
instanceKlass org/springframework/jdbc/support/KeyHolder
instanceKlass org/springframework/jdbc/core/PreparedStatementCreator
instanceKlass org/springframework/jdbc/core/PreparedStatementSetter
instanceKlass org/springframework/jdbc/datasource/SmartDataSource
instanceKlass org/springframework/jdbc/core/JdbcTemplate$CloseSuppressingInvocationHandler
instanceKlass org/springframework/jdbc/datasource/ConnectionProxy
instanceKlass org/springframework/jdbc/datasource/DataSourceUtils
instanceKlass org/springframework/boot/jdbc/EmbeddedDatabaseConnection$IsEmbedded
instanceKlass org/springframework/jdbc/core/ConnectionCallback
instanceKlass org/springframework/boot/sql/init/AbstractScriptDatabaseInitializer$ScriptLocationResolver$$Lambda$1215
instanceKlass org/springframework/boot/sql/init/AbstractScriptDatabaseInitializer$ScriptLocationResolver
instanceKlass org/springframework/jdbc/datasource/init/ResourceDatabasePopulator
instanceKlass org/springframework/boot/sql/init/DatabaseInitializationSettings
instanceKlass org/springframework/boot/autoconfigure/sql/init/SettingsCreator
instanceKlass org/springframework/boot/info/InfoProperties
instanceKlass org/springframework/web/bind/annotation/PathVariable
instanceKlass org/springframework/data/rest/webmvc/support/BackendId
instanceKlass org/springframework/web/bind/annotation/RequestBody
instanceKlass org/springframework/data/rest/webmvc/BasePathAwareHandlerMapping$$Lambda$1214
instanceKlass org/springframework/data/rest/webmvc/BasePathAwareHandlerMapping$$Lambda$1213
instanceKlass org/springframework/web/servlet/mvc/method/RequestMappingInfo$MutateBuilder
instanceKlass org/springframework/data/rest/webmvc/RepositoryRestHandlerMapping$$Lambda$1212
instanceKlass org/springframework/data/rest/webmvc/RepositoryRestHandlerMapping$$Lambda$1211
instanceKlass org/springframework/data/rest/webmvc/RepositoryRestHandlerMapping$$Lambda$1210
instanceKlass org/springframework/data/rest/webmvc/RepositoryRestHandlerMapping$RepositoryCorsConfigurationAccessor
instanceKlass org/springframework/data/rest/core/mapping/HttpMethods$$Lambda$1209
instanceKlass org/springframework/data/rest/webmvc/config/HalFormsAdaptingResponseBodyAdvice
instanceKlass javax/naming/Name
instanceKlass org/springframework/data/rest/webmvc/json/JsonSchema$Definitions
instanceKlass org/springframework/data/rest/webmvc/json/JsonSchema$AbstractJsonSchemaProperty
instanceKlass org/springframework/data/rest/webmvc/json/PersistentEntityToJsonSchemaConverter$JsonSchemaPropertyRegistrar
instanceKlass org/springframework/data/rest/webmvc/json/JacksonMetadata
instanceKlass org/springframework/data/rest/webmvc/json/PersistentEntityToJsonSchemaConverter$DefaultMessageResolver
instanceKlass org/springframework/data/rest/webmvc/json/PersistentEntityToJsonSchemaConverter$InternalMessageResolver
instanceKlass org/springframework/data/rest/webmvc/json/PersistentEntityToJsonSchemaConverter$ValueTypeSchemaPropertyCustomizerFactory
instanceKlass org/springframework/hateoas/server/core/MethodParameters
instanceKlass org/springframework/data/rest/webmvc/RepositoryPropertyReferenceController$ReferencedProperty
instanceKlass org/springframework/data/rest/webmvc/support/DefaultedPageable
instanceKlass org/springframework/data/rest/webmvc/ResourceStatus
instanceKlass org/springframework/util/MimeType$$Lambda$1208
instanceKlass org/springframework/data/rest/webmvc/HttpHeadersPreparer$$Lambda$1207
instanceKlass org/springframework/data/auditing/AuditableBeanWrapper
instanceKlass org/springframework/data/auditing/MappingAuditableBeanWrapperFactory$MappingAuditingMetadata
instanceKlass org/springframework/data/auditing/DefaultAuditableBeanWrapperFactory$$Lambda$1206
instanceKlass org/springframework/data/convert/ThreeTenBackPortConverters
instanceKlass org/springframework/data/auditing/DefaultAuditableBeanWrapperFactory$$Lambda$1205
instanceKlass org/springframework/data/auditing/DefaultAuditableBeanWrapperFactory$$Lambda$1204
instanceKlass org/springframework/data/convert/JodaTimeConverters
instanceKlass org/springframework/data/auditing/DefaultAuditableBeanWrapperFactory
instanceKlass org/springframework/data/rest/webmvc/PersistentEntityResourceAssembler
instanceKlass org/springframework/hateoas/PagedModel$PageMetadata
instanceKlass org/springframework/hateoas/server/core/ControllerEntityLinks$$Lambda$1203
instanceKlass org/springframework/hateoas/server/ExposesResourceFor
instanceKlass org/springframework/hateoas/server/core/MethodInvocation
instanceKlass org/springframework/hateoas/server/core/LinkBuilderSupport
instanceKlass org/springframework/hateoas/config/WebMvcEntityLinksConfiguration$$Lambda$1202
instanceKlass org/springframework/hateoas/server/core/Relation
instanceKlass com/fasterxml/jackson/databind/jsonFormatVisitors/JsonObjectFormatVisitor
instanceKlass com/fasterxml/jackson/databind/util/NameTransformer
instanceKlass com/fasterxml/jackson/databind/ser/impl/PropertySerializerMap
instanceKlass com/fasterxml/jackson/databind/jsontype/TypeSerializer
instanceKlass com/fasterxml/jackson/databind/introspect/BeanPropertyDefinition
instanceKlass com/fasterxml/jackson/databind/PropertyMetadata
instanceKlass org/springframework/hateoas/mediatype/hal/forms/HalFormsPropertyFactory
instanceKlass org/springframework/hateoas/mediatype/hal/forms/HalFormsTemplateBuilder
instanceKlass org/springframework/hateoas/client/JsonPathLinkDiscoverer
instanceKlass org/springframework/data/spel/spi/Function
instanceKlass org/springframework/data/jpa/repository/support/JpaEvaluationContextExtension$JpaRootObject
instanceKlass org/springframework/context/support/DefaultLifecycleProcessor$LifecycleGroup
instanceKlass org/springframework/transaction/support/AbstractPlatformTransactionManager$SuspendedResourcesHolder
instanceKlass org/springframework/jdbc/datasource/JdbcTransactionObjectSupport
instanceKlass org/springframework/transaction/support/SmartTransactionObject
instanceKlass org/springframework/transaction/support/AbstractTransactionStatus
instanceKlass org/springframework/boot/autoconfigure/transaction/TransactionManagerCustomizers$$Lambda$1201
instanceKlass sun/reflect/misc/Trampoline
instanceKlass sun/reflect/misc/MethodUtil$1
instanceKlass org/springframework/boot/autoconfigure/orm/jpa/JpaBaseConfiguration$$Lambda$1200
instanceKlass org/springframework/boot/autoconfigure/jdbc/DataSourceJmxConfiguration$TomcatDataSourceJmxConfiguration
instanceKlass org/springframework/boot/availability/AvailabilityState
instanceKlass org/springframework/boot/admin/SpringApplicationAdminMXBeanRegistrar$SpringApplicationAdmin
instanceKlass org/springframework/boot/admin/SpringApplicationAdminMXBean
instanceKlass org/springframework/jmx/export/MBeanExporter$AutodetectCallback
instanceKlass javax/management/modelmbean/ModelMBean
instanceKlass javax/management/PersistentMBean
instanceKlass javax/management/modelmbean/ModelMBeanInfo
instanceKlass org/springframework/jmx/support/NotificationListenerHolder
instanceKlass org/springframework/jmx/export/MBeanExporterListener
instanceKlass javax/management/Attribute
instanceKlass org/springframework/jmx/support/JmxUtils
instanceKlass org/springframework/jmx/support/MBeanServerFactoryBean
instanceKlass org/springframework/context/annotation/MBeanExportConfiguration
instanceKlass org/springframework/core/Constants$$Lambda$1199
instanceKlass org/springframework/jmx/export/assembler/AutodetectCapableMBeanInfoAssembler
instanceKlass org/springframework/jmx/export/naming/KeyNamingStrategy
instanceKlass org/springframework/jmx/export/assembler/AbstractMBeanInfoAssembler
instanceKlass org/springframework/jmx/export/assembler/MBeanInfoAssembler
instanceKlass org/springframework/jmx/export/annotation/AnnotationJmxAttributeSource
instanceKlass org/springframework/jmx/export/metadata/JmxAttributeSource
instanceKlass org/springframework/web/servlet/view/ContentNegotiatingViewResolver$1
instanceKlass org/springframework/web/servlet/view/AbstractCachingViewResolver$$Lambda$1198
instanceKlass org/springframework/web/servlet/view/AbstractCachingViewResolver$CacheFilter
instanceKlass java/lang/invoke/LambdaForm$DMH
instanceKlass org/springframework/web/servlet/view/AbstractCachingViewResolver$1
instanceKlass org/springframework/web/servlet/view/DefaultRequestToViewNameTranslator
instanceKlass org/springframework/web/servlet/view/ViewResolverComposite
instanceKlass org/springframework/web/servlet/handler/HandlerExceptionResolverComposite
instanceKlass org/springframework/data/rest/webmvc/support/ETag
instanceKlass org/springframework/data/rest/webmvc/config/PersistentEntityResourceAssemblerArgumentResolver
instanceKlass org/springframework/data/rest/webmvc/json/MappingAwareSortArgumentResolver
instanceKlass org/springframework/data/rest/webmvc/json/MappingAwarePageableArgumentResolver
instanceKlass org/springframework/data/rest/webmvc/json/MappingAwareDefaultedPageableArgumentResolver
instanceKlass org/springframework/data/rest/webmvc/json/JacksonMappingAwareSortTranslator$SortTranslator
instanceKlass org/springframework/data/rest/webmvc/support/DomainClassResolver
instanceKlass org/springframework/data/rest/webmvc/json/JacksonMappingAwareSortTranslator
instanceKlass org/springframework/data/rest/webmvc/IncomingRequest
instanceKlass org/springframework/data/rest/webmvc/json/DomainObjectReader
instanceKlass org/springframework/web/method/annotation/ExceptionHandlerMethodResolver$$Lambda$1197
instanceKlass org/springframework/web/method/annotation/ExceptionHandlerMethodResolver
instanceKlass org/springframework/web/servlet/function/ServerResponse
instanceKlass org/springframework/web/servlet/handler/SimpleUrlHandlerMapping$$Lambda$1196
instanceKlass org/springframework/web/servlet/resource/ResourceHttpRequestHandler$$Lambda$1195
instanceKlass org/springframework/web/servlet/resource/DefaultResourceTransformerChain
instanceKlass org/springframework/web/servlet/resource/ResourceTransformerChain
instanceKlass org/springframework/web/servlet/resource/DefaultResourceResolverChain
instanceKlass org/springframework/web/servlet/resource/ResourceResolverChain
instanceKlass org/springframework/web/servlet/resource/AbstractResourceResolver
instanceKlass org/springframework/web/servlet/resource/ResourceResolver
instanceKlass org/springframework/data/rest/webmvc/config/RepositoryRestMvcConfiguration$$Lambda$1194
instanceKlass org/springframework/boot/autoconfigure/web/servlet/WebMvcAutoConfiguration$WebMvcAutoConfigurationAdapter$$Lambda$1193
instanceKlass org/springframework/boot/autoconfigure/web/WebProperties$Resources$Cache$Cachecontrol$$Lambda$1192
instanceKlass org/springframework/boot/autoconfigure/web/WebProperties$Resources$Cache$Cachecontrol$$Lambda$1191
instanceKlass org/springframework/boot/autoconfigure/web/WebProperties$Resources$Cache$Cachecontrol$$Lambda$1190
instanceKlass org/springframework/boot/autoconfigure/web/WebProperties$Resources$Cache$Cachecontrol$$Lambda$1189
instanceKlass org/springframework/boot/autoconfigure/web/WebProperties$Resources$Cache$Cachecontrol$$Lambda$1188
instanceKlass org/springframework/boot/autoconfigure/web/WebProperties$Resources$Cache$Cachecontrol$$Lambda$1187
instanceKlass org/springframework/boot/autoconfigure/web/WebProperties$Resources$Cache$Cachecontrol$$Lambda$1186
instanceKlass org/springframework/boot/autoconfigure/web/WebProperties$Resources$Cache$Cachecontrol$$Lambda$1185
instanceKlass org/springframework/boot/autoconfigure/web/WebProperties$Resources$Cache$Cachecontrol$$Lambda$1184
instanceKlass org/springframework/boot/autoconfigure/web/WebProperties$Resources$Cache$Cachecontrol$$Lambda$1183
instanceKlass org/springframework/boot/autoconfigure/web/WebProperties$Resources$Cache$Cachecontrol$$Lambda$1182
instanceKlass org/springframework/boot/autoconfigure/web/WebProperties$Resources$Cache$Cachecontrol$$Lambda$1181
instanceKlass org/springframework/boot/autoconfigure/web/WebProperties$Resources$Cache$Cachecontrol$$Lambda$1180
instanceKlass org/springframework/boot/autoconfigure/web/WebProperties$Resources$Cache$Cachecontrol$$Lambda$1179
instanceKlass org/springframework/boot/autoconfigure/web/WebProperties$Resources$Cache$Cachecontrol$$Lambda$1178
instanceKlass org/springframework/boot/context/properties/PropertyMapper$Source$$Lambda$1177
instanceKlass org/springframework/boot/autoconfigure/web/WebProperties$Resources$Cache$Cachecontrol$$Lambda$1176
instanceKlass org/springframework/boot/autoconfigure/web/servlet/WebMvcAutoConfiguration$WebMvcAutoConfigurationAdapter$$Lambda$1175
instanceKlass org/springframework/web/servlet/function/support/RouterFunctionMapping$$Lambda$1174
instanceKlass org/springframework/web/servlet/function/HandlerFunction
instanceKlass org/springframework/web/servlet/function/ServerRequest
instanceKlass org/springframework/web/servlet/function/RouterFunction
instanceKlass org/springframework/web/servlet/support/AbstractFlashMapManager
instanceKlass org/springframework/web/servlet/theme/AbstractThemeResolver
instanceKlass org/springframework/web/servlet/i18n/AcceptHeaderLocaleResolver
instanceKlass org/springframework/http/server/RequestPath
instanceKlass org/springframework/web/servlet/handler/AbstractHandlerMethodMapping$$Lambda$1173
instanceKlass org/springframework/web/servlet/handler/AbstractHandlerMethodMapping$$Lambda$1172
instanceKlass org/springframework/web/servlet/handler/AbstractHandlerMethodMapping$MappingRegistration
instanceKlass org/springframework/web/servlet/handler/AbstractHandlerMethodMapping$$Lambda$1171
instanceKlass org/springframework/web/util/pattern/PathElement
instanceKlass org/springframework/web/servlet/mvc/method/RequestMappingInfo$DefaultBuilder
instanceKlass org/springframework/web/servlet/mvc/method/RequestMappingInfo$Builder
instanceKlass org/springframework/web/servlet/mvc/condition/AbstractMediaTypeExpression
instanceKlass org/springframework/web/servlet/mvc/condition/MediaTypeExpression
instanceKlass java/util/Comparators$NullComparator
instanceKlass org/springframework/web/util/pattern/PathPattern$$Lambda$1170
instanceKlass org/springframework/web/util/pattern/PathPattern$$Lambda$1169
instanceKlass org/springframework/web/util/pattern/PathPattern$$Lambda$1168
instanceKlass org/springframework/web/util/pattern/PathPattern$$Lambda$1167
instanceKlass org/springframework/http/server/DefaultPathContainer$DefaultSeparator
instanceKlass org/springframework/http/server/PathContainer$Separator
instanceKlass org/springframework/http/server/PathContainer$Element
instanceKlass org/springframework/http/server/DefaultPathContainer
instanceKlass org/springframework/web/util/pattern/InternalPathPatternParser
instanceKlass org/springframework/web/servlet/handler/AbstractHandlerMethodMapping$$Lambda$1166
instanceKlass org/springframework/web/servlet/handler/MappedInterceptor
instanceKlass org/springframework/http/server/PathContainer
instanceKlass org/springframework/web/util/pattern/PathPattern
instanceKlass org/springframework/web/servlet/mvc/condition/AbstractRequestCondition
instanceKlass org/springframework/web/bind/annotation/CrossOrigin
instanceKlass org/springframework/web/servlet/mvc/method/RequestMappingInfo
instanceKlass org/springframework/web/servlet/mvc/condition/RequestCondition
instanceKlass org/springframework/web/servlet/handler/RequestMatchResult
instanceKlass org/springframework/web/servlet/config/annotation/InterceptorRegistry$$Lambda$1165
instanceKlass org/springframework/web/servlet/config/annotation/InterceptorRegistry$$Lambda$1164
instanceKlass org/springframework/web/servlet/resource/ResourceUrlProviderExposingInterceptor
instanceKlass org/springframework/web/servlet/handler/ConversionServiceExposingInterceptor
instanceKlass org/springframework/web/servlet/config/annotation/InterceptorRegistration
instanceKlass org/springframework/web/servlet/handler/WebRequestHandlerInterceptorAdapter
instanceKlass org/springframework/web/servlet/AsyncHandlerInterceptor
instanceKlass org/springframework/web/servlet/HandlerInterceptor
instanceKlass org/springframework/web/servlet/config/annotation/InterceptorRegistry$$Lambda$1163
instanceKlass org/springframework/web/servlet/mvc/method/RequestMappingInfo$BuilderConfiguration
instanceKlass org/springframework/web/servlet/mvc/method/RequestMappingInfoHandlerMethodMappingNamingStrategy
instanceKlass org/springframework/web/servlet/handler/HandlerMethodMappingNamingStrategy
instanceKlass org/springframework/web/servlet/handler/AbstractHandlerMethodMapping$MappingRegistry
instanceKlass org/springframework/web/cors/DefaultCorsProcessor
instanceKlass org/springframework/web/cors/CorsProcessor
instanceKlass org/springframework/web/servlet/mvc/method/RequestMappingInfoHandlerMapping$HttpOptionsHandler
instanceKlass org/springframework/web/cors/CorsConfiguration$OriginPattern
instanceKlass org/springframework/web/bind/annotation/ResponseStatus
instanceKlass org/springframework/web/servlet/handler/AbstractHandlerMethodMapping$EmptyHandler
instanceKlass org/springframework/web/HttpRequestHandler
instanceKlass org/springframework/boot/autoconfigure/web/servlet/WebMvcAutoConfiguration$WebMvcAutoConfigurationAdapter$$Lambda$1162
instanceKlass org/springframework/boot/autoconfigure/web/servlet/WebMvcAutoConfiguration$WebMvcAutoConfigurationAdapter$$Lambda$1161
instanceKlass org/springframework/boot/autoconfigure/web/servlet/WebMvcAutoConfiguration$WebMvcAutoConfigurationAdapter$$Lambda$1160
instanceKlass org/springframework/hateoas/config/WebMvcHateoasConfiguration$HypermediaRepresentationModelBeanProcessorPostProcessor$$Lambda$1159
instanceKlass org/springframework/hateoas/server/mvc/RepresentationModelProcessorHandlerMethodReturnValueHandler
instanceKlass org/springframework/web/servlet/mvc/method/annotation/ViewNameMethodReturnValueHandler
instanceKlass org/springframework/web/servlet/mvc/method/annotation/AsyncTaskMethodReturnValueHandler
instanceKlass org/springframework/web/servlet/mvc/method/annotation/DeferredResultMethodReturnValueHandler
instanceKlass org/springframework/web/servlet/mvc/method/annotation/CallableMethodReturnValueHandler
instanceKlass org/springframework/web/servlet/mvc/method/annotation/HttpHeadersReturnValueHandler
instanceKlass org/springframework/web/servlet/mvc/method/annotation/StreamingResponseBodyReturnValueHandler
instanceKlass org/springframework/core/task/SyncTaskExecutor
instanceKlass org/springframework/web/servlet/mvc/method/annotation/ReactiveTypeHandler
instanceKlass org/springframework/web/servlet/mvc/method/annotation/ResponseBodyEmitterReturnValueHandler
instanceKlass org/springframework/web/servlet/mvc/method/annotation/ViewMethodReturnValueHandler
instanceKlass org/springframework/web/servlet/mvc/method/annotation/ModelAndViewMethodReturnValueHandler
instanceKlass org/springframework/web/servlet/mvc/method/annotation/PrincipalMethodArgumentResolver
instanceKlass org/springframework/web/servlet/mvc/method/annotation/UriComponentsBuilderMethodArgumentResolver
instanceKlass org/springframework/web/method/annotation/SessionStatusMethodArgumentResolver
instanceKlass org/springframework/web/method/annotation/ErrorsMethodArgumentResolver
instanceKlass org/springframework/web/method/annotation/MapMethodProcessor
instanceKlass org/springframework/web/method/annotation/ModelMethodProcessor
instanceKlass org/springframework/web/servlet/mvc/method/annotation/RedirectAttributesMethodArgumentResolver
instanceKlass org/springframework/web/servlet/mvc/method/annotation/ServletResponseMethodArgumentResolver
instanceKlass org/springframework/web/servlet/mvc/method/annotation/ServletRequestMethodArgumentResolver
instanceKlass javax/servlet/http/Part
instanceKlass javax/servlet/http/HttpUpgradeHandler
instanceKlass javax/servlet/http/PushBuilder
instanceKlass javax/servlet/http/Cookie
instanceKlass javax/servlet/http/HttpServletMapping
instanceKlass org/springframework/web/method/annotation/RequestHeaderMapMethodArgumentResolver
instanceKlass org/springframework/web/accept/ContentNegotiationManager$$Lambda$1158
instanceKlass org/springframework/web/servlet/mvc/method/annotation/RequestResponseBodyAdviceChain
instanceKlass org/springframework/core/io/support/ResourceRegion
instanceKlass org/springframework/core/ParameterizedTypeReference
instanceKlass org/springframework/web/servlet/mvc/method/annotation/AbstractMessageConverterMethodArgumentResolver
instanceKlass org/springframework/web/servlet/mvc/method/annotation/MatrixVariableMapMethodArgumentResolver
instanceKlass org/springframework/web/servlet/mvc/method/annotation/PathVariableMapMethodArgumentResolver
instanceKlass org/springframework/web/method/annotation/RequestParamMapMethodArgumentResolver
instanceKlass org/springframework/web/method/annotation/AbstractNamedValueMethodArgumentResolver
instanceKlass org/springframework/web/bind/annotation/InitBinder
instanceKlass org/springframework/web/bind/annotation/ModelAttribute
instanceKlass org/springframework/core/MethodIntrospector$$Lambda$1157
instanceKlass org/springframework/core/MethodIntrospector$$Lambda$1156
instanceKlass org/springframework/core/MethodIntrospector$MetadataLookup
instanceKlass org/springframework/core/MethodIntrospector
instanceKlass org/springframework/web/method/HandlerTypePredicate$Builder$$Lambda$1155
instanceKlass org/springframework/web/method/HandlerTypePredicate$Builder$$Lambda$1154
instanceKlass org/springframework/web/method/HandlerTypePredicate$Builder$$Lambda$1153
instanceKlass org/springframework/web/method/HandlerTypePredicate$Builder
instanceKlass org/springframework/web/method/HandlerTypePredicate
instanceKlass org/springframework/web/method/ControllerAdviceBean$$Lambda$1152
instanceKlass org/springframework/web/servlet/mvc/annotation/ModelAndViewResolver
instanceKlass org/springframework/http/CacheControl
instanceKlass org/springframework/web/method/ControllerAdviceBean
instanceKlass org/springframework/web/bind/support/DefaultDataBinderFactory
instanceKlass org/springframework/web/method/annotation/SessionAttributesHandler
instanceKlass org/springframework/web/method/HandlerMethod
instanceKlass org/springframework/web/method/annotation/ModelFactory
instanceKlass org/springframework/web/method/support/HandlerMethodReturnValueHandlerComposite
instanceKlass org/springframework/web/method/support/HandlerMethodArgumentResolverComposite
instanceKlass org/springframework/boot/task/TaskExecutorBuilder$$Lambda$1151
instanceKlass org/springframework/boot/task/TaskExecutorBuilder$$Lambda$1150
instanceKlass org/springframework/boot/task/TaskExecutorBuilder$$Lambda$1149
instanceKlass java/lang/invoke/LambdaForm$DMH
instanceKlass org/springframework/boot/task/TaskExecutorBuilder$$Lambda$1148
instanceKlass org/springframework/boot/task/TaskExecutorBuilder$$Lambda$1147
instanceKlass org/springframework/boot/task/TaskExecutorBuilder$$Lambda$1146
instanceKlass org/springframework/boot/task/TaskExecutorBuilder$$Lambda$1145
instanceKlass org/springframework/boot/task/TaskExecutorBuilder$$Lambda$1144
instanceKlass org/springframework/boot/task/TaskExecutorBuilder$$Lambda$1143
instanceKlass org/springframework/boot/task/TaskExecutorBuilder$$Lambda$1142
instanceKlass org/springframework/boot/task/TaskExecutorBuilder$$Lambda$1141
instanceKlass java/lang/invoke/LambdaForm$DMH
instanceKlass org/springframework/web/servlet/mvc/method/annotation/AbstractMappingJacksonResponseBodyAdvice
instanceKlass org/springframework/web/servlet/mvc/method/annotation/RequestBodyAdviceAdapter
instanceKlass org/springframework/web/servlet/mvc/method/annotation/RequestBodyAdvice
instanceKlass org/springframework/web/method/annotation/ModelAttributeMethodProcessor
instanceKlass org/springframework/data/web/PageableDefault
instanceKlass org/springframework/data/web/config/SpringDataWebConfiguration$$Lambda$1140
instanceKlass org/springframework/data/domain/AbstractPageRequest
instanceKlass org/springframework/web/bind/support/WebDataBinderFactory
instanceKlass org/springframework/web/method/support/ModelAndViewContainer
instanceKlass org/springframework/web/util/UriComponentsBuilder
instanceKlass org/springframework/web/util/UriBuilder
instanceKlass org/springframework/data/web/config/SpringDataWebConfiguration$$Lambda$1139
instanceKlass org/springframework/data/web/SortDefault
instanceKlass org/springframework/data/web/SortDefault$SortDefaults
instanceKlass com/jayway/jsonpath/internal/ParseContextImpl
instanceKlass com/jayway/jsonpath/ParseContext
instanceKlass com/jayway/jsonpath/JsonPath
instanceKlass com/jayway/jsonpath/internal/Utils
instanceKlass com/jayway/jsonpath/Configuration$ConfigurationBuilder
instanceKlass com/jayway/jsonpath/Configuration
instanceKlass com/jayway/jsonpath/spi/mapper/JacksonMappingProvider
instanceKlass com/jayway/jsonpath/spi/mapper/MappingProvider
instanceKlass java/util/OptionalDouble
instanceKlass java/util/OptionalLong
instanceKlass java/util/OptionalInt
instanceKlass com/fasterxml/jackson/databind/util/LinkedNode
instanceKlass com/fasterxml/jackson/databind/deser/std/NumberDeserializers
instanceKlass com/fasterxml/jackson/annotation/JsonIdentityInfo
instanceKlass com/fasterxml/jackson/annotation/JsonAutoDetect
instanceKlass com/fasterxml/jackson/databind/introspect/POJOPropertiesCollector
instanceKlass com/fasterxml/jackson/databind/introspect/AccessorNamingStrategy
instanceKlass com/fasterxml/jackson/annotation/JsonIncludeProperties$Value
instanceKlass com/fasterxml/jackson/annotation/JsonIncludeProperties
instanceKlass com/fasterxml/jackson/databind/util/IgnorePropertiesUtil
instanceKlass com/fasterxml/jackson/annotation/JsonIgnoreProperties$Value
instanceKlass com/fasterxml/jackson/annotation/JsonIgnoreProperties
instanceKlass com/fasterxml/jackson/databind/deser/impl/NullsConstantProvider
instanceKlass com/fasterxml/jackson/core/JsonLocation
instanceKlass com/fasterxml/jackson/databind/deser/impl/JDKValueInstantiators
instanceKlass com/fasterxml/jackson/databind/annotation/JsonValueInstantiator
instanceKlass com/fasterxml/jackson/databind/deser/BasicDeserializerFactory$ContainerDefaultMappings
instanceKlass com/fasterxml/jackson/databind/annotation/JsonTypeResolver
instanceKlass com/fasterxml/jackson/databind/deser/ResolvableDeserializer
instanceKlass com/fasterxml/jackson/databind/util/ArrayIterator
instanceKlass com/jayway/jsonpath/spi/json/AbstractJsonProvider
instanceKlass com/jayway/jsonpath/spi/json/JsonProvider
instanceKlass org/springframework/data/web/JsonProjectingMethodInterceptorFactory
instanceKlass org/springframework/data/web/config/SpringDataWebConfiguration$$Lambda$1138
instanceKlass com/jayway/jsonpath/DocumentContext
instanceKlass com/jayway/jsonpath/WriteContext
instanceKlass com/jayway/jsonpath/ReadContext
instanceKlass org/springframework/hateoas/mediatype/hal/forms/HalFormsMediaTypeConfiguration$$Lambda$1137
instanceKlass org/springframework/http/converter/json/AbstractJackson2HttpMessageConverter$$Lambda$1136
instanceKlass org/springframework/hateoas/config/WebConverters$$Lambda$1135
instanceKlass org/springframework/hateoas/config/WebConverters$$Lambda$1134
instanceKlass org/springframework/hateoas/mediatype/hal/CurieProvider$1
instanceKlass org/springframework/hateoas/mediatype/hal/HalMediaTypeConfiguration$$Lambda$1133
instanceKlass org/springframework/hateoas/config/WebConverters$$Lambda$1132
instanceKlass org/springframework/hateoas/config/WebConverters$$Lambda$1131
instanceKlass org/springframework/hateoas/config/WebConverters$$Lambda$1130
instanceKlass org/springframework/http/server/ServerHttpResponse
instanceKlass org/springframework/hateoas/mediatype/alps/Descriptor
instanceKlass org/springframework/hateoas/mediatype/alps/Doc
instanceKlass org/springframework/hateoas/mediatype/alps/Alps
instanceKlass org/springframework/data/rest/webmvc/RootResourceInformation
instanceKlass org/springframework/hateoas/mediatype/hal/forms/Jackson2HalFormsModule$MediaTypeMixin
instanceKlass org/springframework/data/rest/webmvc/config/RepositoryRestMvcConfiguration$$Lambda$1129
instanceKlass org/springframework/data/rest/webmvc/config/RepositoryRestMvcConfiguration$$Lambda$1128
instanceKlass org/springframework/data/rest/webmvc/config/RepositoryRestMvcConfiguration$$Lambda$1127
instanceKlass com/fasterxml/jackson/databind/type/TypeBindings$AsKey
instanceKlass com/fasterxml/jackson/databind/type/TypeBindings$TypeParamStash
instanceKlass com/fasterxml/jackson/databind/type/ClassStack
instanceKlass org/springframework/hateoas/mediatype/hal/Jackson2HalModule$EmbeddedMapper
instanceKlass org/springframework/hateoas/mediatype/hal/DefaultCurieProvider$$Lambda$1126
instanceKlass org/springframework/hateoas/UriTemplate
instanceKlass org/springframework/hateoas/mediatype/hal/DefaultCurieProvider
instanceKlass org/springframework/data/rest/webmvc/config/RepositoryRestMvcConfiguration$$Lambda$1125
instanceKlass org/springframework/data/rest/webmvc/config/RepositoryRestMvcConfiguration$$Lambda$1124
instanceKlass org/springframework/data/rest/webmvc/config/RepositoryRestMvcConfiguration$$Lambda$1123
instanceKlass org/springframework/data/rest/webmvc/json/PersistentEntityJackson2Module$ProjectionResourceContent
instanceKlass org/springframework/data/projection/TargetAware
instanceKlass org/springframework/hateoas/server/mvc/RepresentationModelProcessorInvoker$DefaultProcessorWrapper
instanceKlass org/springframework/hateoas/server/mvc/RepresentationModelProcessorInvoker$ProcessorWrapper
instanceKlass org/springframework/hateoas/server/core/EmbeddedWrappers
instanceKlass org/springframework/data/rest/webmvc/support/DefaultExcerptProjector
instanceKlass org/springframework/data/rest/webmvc/EmbeddedResourcesAssembler
instanceKlass org/springframework/data/rest/webmvc/mapping/DefaultLinkCollector
instanceKlass org/springframework/data/rest/webmvc/RestMediaTypes
instanceKlass org/springframework/http/HttpHeaders
instanceKlass org/springframework/http/HttpOutputMessage
instanceKlass org/springframework/boot/context/properties/bind/Binder$$Lambda$1122
instanceKlass org/springframework/boot/autoconfigure/web/servlet/WebMvcAutoConfiguration$WebMvcAutoConfigurationAdapter$$Lambda$1121
instanceKlass org/springframework/web/bind/support/DefaultSessionAttributeStore
instanceKlass org/springframework/web/bind/support/SessionAttributeStore
instanceKlass java/util/concurrent/Flow$Publisher
instanceKlass org/springframework/web/context/request/async/DeferredResultProcessingInterceptor
instanceKlass org/springframework/web/context/request/async/CallableProcessingInterceptor
instanceKlass org/springframework/util/ConcurrencyThrottleSupport
instanceKlass org/springframework/web/servlet/mvc/method/annotation/RequestMappingHandlerAdapter$$Lambda$1120
instanceKlass org/springframework/web/servlet/mvc/method/annotation/RequestMappingHandlerAdapter$$Lambda$1119
instanceKlass org/springframework/web/servlet/config/annotation/WebMvcConfigurationSupport$NoOpValidator
instanceKlass org/springframework/data/repository/support/DomainClassConverter$$Lambda$1118
instanceKlass org/springframework/data/repository/support/DomainClassConverter
instanceKlass org/springframework/data/geo/Metric
instanceKlass org/springframework/data/rest/webmvc/config/RepositoryRestMvcConfiguration$$Lambda$1117
instanceKlass org/springframework/data/rest/core/support/DefaultSelfLinkProvider
instanceKlass org/springframework/hateoas/server/TypedEntityLinks
instanceKlass org/springframework/hateoas/Links
instanceKlass org/springframework/data/rest/core/mapping/MethodResourceMapping
instanceKlass org/springframework/web/util/UriComponents
instanceKlass org/springframework/hateoas/server/LinkBuilder
instanceKlass org/springframework/data/rest/webmvc/config/RepositoryRestMvcConfiguration$$Lambda$1116
instanceKlass org/springframework/data/rest/webmvc/json/Jackson2DatatypeHelper$HibernateVersions
instanceKlass org/springframework/data/rest/webmvc/json/Jackson2DatatypeHelper
instanceKlass org/springframework/data/rest/core/UriToEntityConverter$$Lambda$1115
instanceKlass org/springframework/data/rest/core/UriToEntityConverter
instanceKlass org/springframework/data/rest/webmvc/json/JsonSchema
instanceKlass org/springframework/data/repository/support/RepositoryInvoker
instanceKlass org/springframework/data/repository/support/RepositoryInvocationInformation
instanceKlass org/springframework/data/util/StreamUtils$$Lambda$1114
instanceKlass org/springframework/data/rest/core/config/EntityLookupConfiguration$$Lambda$1113
instanceKlass org/springframework/data/rest/core/config/EntityLookupConfiguration$RepositoriesEntityLookup
instanceKlass org/springframework/data/rest/core/config/EntityLookupConfiguration$LookupInformation
instanceKlass org/springframework/data/repository/support/DefaultRepositoryInvokerFactory
instanceKlass org/springframework/data/rest/core/support/UnwrappingRepositoryInvokerFactory
instanceKlass org/springframework/hateoas/TemplateVariables
instanceKlass org/springframework/data/rest/webmvc/config/ProjectionDefinitionRegistar$$Lambda$1112
instanceKlass org/springframework/data/rest/core/mapping/RepositoryCollectionResourceMapping$$Lambda$1111
instanceKlass org/springframework/data/rest/core/mapping/RepositoryCollectionResourceMapping$$Lambda$1110
instanceKlass org/springframework/data/rest/core/mapping/ConfigurationApplyingSupportedHttpMethodsAdapter
instanceKlass org/springframework/data/rest/core/mapping/CrudMethodsSupportedHttpMethods$DefaultExposureAwareCrudMethods$$Lambda$1109
instanceKlass org/springframework/data/rest/core/mapping/CrudMethodsSupportedHttpMethods$DefaultExposureAwareCrudMethods$$Lambda$1108
instanceKlass org/springframework/data/rest/core/mapping/CrudMethodsSupportedHttpMethods$DefaultExposureAwareCrudMethods$$Lambda$1107
instanceKlass org/springframework/data/rest/core/mapping/CrudMethodsSupportedHttpMethods$DefaultExposureAwareCrudMethods$$Lambda$1106
instanceKlass org/springframework/data/rest/core/mapping/CrudMethodsSupportedHttpMethods$DefaultExposureAwareCrudMethods
instanceKlass org/springframework/data/rest/core/mapping/CrudMethodsSupportedHttpMethods$ExposureAwareCrudMethods
instanceKlass org/springframework/data/repository/core/support/DefaultCrudMethods$$Lambda$1105
instanceKlass org/springframework/data/repository/core/support/DefaultCrudMethods$$Lambda$1104
instanceKlass org/springframework/data/repository/core/support/DefaultCrudMethods$$Lambda$1103
instanceKlass org/springframework/data/repository/core/support/DefaultCrudMethods$$Lambda$1102
instanceKlass org/springframework/data/repository/core/support/DefaultCrudMethods$$Lambda$1101
instanceKlass org/springframework/data/repository/core/support/DefaultCrudMethods$$Lambda$1100
instanceKlass org/springframework/data/repository/core/support/DefaultCrudMethods$$Lambda$1099
instanceKlass org/springframework/data/repository/core/support/DefaultCrudMethods$$Lambda$1098
instanceKlass org/springframework/data/repository/core/support/DefaultCrudMethods$$Lambda$1097
instanceKlass org/springframework/data/repository/core/support/DefaultCrudMethods$$Lambda$1096
instanceKlass org/springframework/data/repository/core/support/DefaultCrudMethods$$Lambda$1095
instanceKlass org/springframework/data/repository/core/support/DefaultCrudMethods$$Lambda$1094
instanceKlass org/springframework/data/repository/core/support/DefaultCrudMethods
instanceKlass org/springframework/data/rest/core/mapping/CrudMethodsSupportedHttpMethods
instanceKlass org/springframework/data/rest/core/mapping/SupportedHttpMethods
instanceKlass org/springframework/data/rest/core/mapping/RepositoryAwareResourceMetadata
instanceKlass org/springframework/data/rest/core/mapping/RepositoryCollectionResourceMapping$$Lambda$1093
instanceKlass org/springframework/data/rest/core/mapping/RepositoryCollectionResourceMapping$$Lambda$1092
instanceKlass org/springframework/data/rest/core/mapping/RepositoryCollectionResourceMapping$$Lambda$1091
instanceKlass java/util/regex/Pattern$$Lambda$1090
instanceKlass org/atteo/evo/inflector/RegExpRule
instanceKlass org/atteo/evo/inflector/CategoryRule
instanceKlass org/atteo/evo/inflector/Rule
instanceKlass org/springframework/data/rest/core/mapping/TypeBasedCollectionResourceMapping$$Lambda$1089
instanceKlass org/springframework/data/rest/core/mapping/TypeBasedCollectionResourceMapping$$Lambda$1088
instanceKlass org/springframework/data/rest/core/mapping/TypeBasedCollectionResourceMapping$$Lambda$1087
instanceKlass org/springframework/data/rest/core/mapping/TypeBasedCollectionResourceMapping$$Lambda$1086
instanceKlass org/springframework/data/rest/core/mapping/RepositoryCollectionResourceMapping$$Lambda$1085
instanceKlass org/springframework/data/rest/core/mapping/RepositoryCollectionResourceMapping$$Lambda$1084
instanceKlass org/springframework/data/rest/core/mapping/RepositoryCollectionResourceMapping$$Lambda$1083
instanceKlass org/springframework/data/rest/core/mapping/RepositoryCollectionResourceMapping$$Lambda$1082
instanceKlass org/springframework/data/rest/core/mapping/RepositoryCollectionResourceMapping$$Lambda$1081
instanceKlass org/springframework/data/rest/core/mapping/RepositoryCollectionResourceMapping$$Lambda$1080
instanceKlass org/springframework/data/rest/core/mapping/RepositoryCollectionResourceMapping$$Lambda$1079
instanceKlass org/springframework/data/rest/core/mapping/RepositoryCollectionResourceMapping$$Lambda$1078
instanceKlass org/springframework/data/rest/core/mapping/RepositoryCollectionResourceMapping$$Lambda$1077
instanceKlass org/springframework/data/rest/core/mapping/RepositoryCollectionResourceMapping$$Lambda$1076
instanceKlass org/springframework/data/rest/core/mapping/TypeBasedCollectionResourceMapping$$Lambda$1075
instanceKlass org/springframework/data/rest/core/mapping/TypeBasedCollectionResourceMapping$$Lambda$1074
instanceKlass org/springframework/data/rest/core/mapping/ResourceDescription
instanceKlass org/springframework/data/rest/core/annotation/Description
instanceKlass org/springframework/data/rest/core/mapping/TypeBasedCollectionResourceMapping$$Lambda$1073
instanceKlass org/springframework/data/util/Lazy$$Lambda$1072
instanceKlass org/springframework/data/rest/core/mapping/TypeBasedCollectionResourceMapping$$Lambda$1071
instanceKlass org/springframework/data/rest/core/mapping/TypeBasedCollectionResourceMapping$$Lambda$1070
instanceKlass org/springframework/data/rest/core/mapping/TypeBasedCollectionResourceMapping
instanceKlass org/springframework/data/rest/core/annotation/RepositoryRestResource
instanceKlass org/springframework/data/rest/core/annotation/RestResource
instanceKlass org/atteo/evo/inflector/TwoFormInflector
instanceKlass org/springframework/data/rest/core/mapping/RepositoryCollectionResourceMapping
instanceKlass org/springframework/data/repository/support/Repositories$$Lambda$1069
instanceKlass org/springframework/data/mapping/context/AbstractMappingContext$$Lambda$1068
instanceKlass org/springframework/hateoas/IanaLinkRelations$$Lambda$1067
instanceKlass org/springframework/hateoas/IanaLinkRelations$$Lambda$1066
instanceKlass org/springframework/hateoas/IanaLinkRelations$$Lambda$1065
instanceKlass org/springframework/hateoas/IanaLinkRelations$$Lambda$1064
instanceKlass org/springframework/hateoas/StringLinkRelation$$Lambda$1063
instanceKlass org/springframework/hateoas/StringLinkRelation
instanceKlass org/springframework/hateoas/IanaLinkRelations
instanceKlass org/springframework/data/rest/core/Path
instanceKlass org/springframework/data/rest/core/mapping/SearchResourceMappings
instanceKlass org/springframework/web/cors/CorsConfiguration
instanceKlass org/springframework/data/rest/core/config/ResourceMapping
instanceKlass org/springframework/boot/autoconfigure/data/rest/RepositoryRestProperties$$Lambda$1062
instanceKlass org/springframework/boot/autoconfigure/data/rest/RepositoryRestProperties$$Lambda$1061
instanceKlass org/springframework/boot/autoconfigure/data/rest/RepositoryRestProperties$$Lambda$1060
instanceKlass org/springframework/boot/autoconfigure/data/rest/RepositoryRestProperties$$Lambda$1059
instanceKlass org/springframework/boot/autoconfigure/data/rest/RepositoryRestProperties$$Lambda$1058
instanceKlass org/springframework/boot/autoconfigure/data/rest/RepositoryRestProperties$$Lambda$1057
instanceKlass org/springframework/boot/autoconfigure/data/rest/RepositoryRestProperties$$Lambda$1056
instanceKlass org/springframework/boot/autoconfigure/data/rest/RepositoryRestProperties$$Lambda$1055
instanceKlass org/springframework/boot/autoconfigure/data/rest/RepositoryRestProperties$$Lambda$1054
instanceKlass org/springframework/boot/autoconfigure/data/rest/RepositoryRestProperties$$Lambda$1053
instanceKlass org/springframework/boot/autoconfigure/data/rest/RepositoryRestProperties$$Lambda$1052
instanceKlass org/springframework/boot/autoconfigure/data/rest/RepositoryRestProperties$$Lambda$1051
instanceKlass org/springframework/boot/autoconfigure/data/rest/RepositoryRestProperties$$Lambda$1050
instanceKlass org/springframework/boot/autoconfigure/data/rest/RepositoryRestProperties$$Lambda$1049
instanceKlass org/springframework/boot/autoconfigure/data/rest/RepositoryRestProperties$$Lambda$1048
instanceKlass org/springframework/boot/autoconfigure/data/rest/RepositoryRestProperties$$Lambda$1047
instanceKlass org/springframework/boot/autoconfigure/data/rest/RepositoryRestProperties$$Lambda$1046
instanceKlass org/springframework/boot/autoconfigure/data/rest/RepositoryRestProperties$$Lambda$1045
instanceKlass org/springframework/boot/autoconfigure/data/rest/RepositoryRestProperties$$Lambda$1044
instanceKlass java/lang/invoke/LambdaForm$DMH
instanceKlass org/springframework/boot/autoconfigure/data/rest/RepositoryRestProperties$$Lambda$1043
instanceKlass org/springframework/boot/autoconfigure/data/rest/RepositoryRestProperties$$Lambda$1042
instanceKlass org/springframework/boot/autoconfigure/data/rest/RepositoryRestProperties$$Lambda$1041
instanceKlass org/springframework/core/io/ProtocolResolver
instanceKlass org/springframework/beans/factory/config/BeanDefinitionCustomizer
instanceKlass org/springframework/ui/context/Theme
instanceKlass org/springframework/hateoas/server/core/DefaultLinkRelationProvider
instanceKlass org/springframework/data/rest/core/mapping/ExposureConfiguration$$Lambda$1040
instanceKlass org/springframework/data/rest/core/mapping/ExposureConfigurer$AssociationResourceHttpMethodsFilter$$Lambda$1039
instanceKlass org/springframework/data/rest/core/mapping/PropertyAwareResourceMapping
instanceKlass org/springframework/data/rest/core/mapping/ExposureConfigurer$AssociationResourceHttpMethodsFilter
instanceKlass org/springframework/data/rest/core/mapping/ExposureConfigurer$AggregateResourceHttpMethodsFilter$$Lambda$1038
instanceKlass org/springframework/data/rest/core/mapping/ConfigurableHttpMethods
instanceKlass org/springframework/data/rest/core/mapping/HttpMethods
instanceKlass org/springframework/data/rest/core/mapping/ExposureConfigurer$AggregateResourceHttpMethodsFilter
instanceKlass org/springframework/data/rest/core/mapping/ComposableFilter
instanceKlass org/springframework/data/rest/core/mapping/ExposureConfiguration
instanceKlass org/springframework/data/rest/core/mapping/ExposureConfigurer
instanceKlass org/springframework/data/rest/core/config/EntityLookupConfiguration
instanceKlass org/springframework/data/rest/core/config/EntityLookupRegistrar
instanceKlass org/springframework/data/rest/core/config/ResourceMappingConfiguration
instanceKlass org/springframework/data/rest/core/config/Projection
instanceKlass org/springframework/data/util/AnnotatedTypeScanner
instanceKlass org/springframework/data/rest/core/config/ProjectionDefinitionConfiguration
instanceKlass org/springframework/data/rest/core/projection/ProjectionDefinitions
instanceKlass org/springframework/data/repository/core/support/RepositoryFactoryBeanSupport$$Lambda$1037
instanceKlass org/springframework/data/repository/support/Repositories$$Lambda$1036
instanceKlass org/springframework/data/repository/support/Repositories$$Lambda$1035
instanceKlass org/springframework/boot/autoconfigure/web/format/DateTimeFormatters
instanceKlass org/springframework/web/context/request/NativeWebRequest
instanceKlass org/springframework/web/accept/MappingMediaTypeFileExtensionResolver$$Lambda$1034
instanceKlass org/springframework/web/accept/MappingMediaTypeFileExtensionResolver$$Lambda$1033
instanceKlass org/springframework/web/accept/MappingMediaTypeFileExtensionResolver
instanceKlass org/springframework/web/accept/HeaderContentNegotiationStrategy
instanceKlass org/springframework/web/accept/ContentNegotiationManagerFactoryBean$$Lambda$1032
instanceKlass org/springframework/boot/autoconfigure/web/servlet/WebMvcAutoConfiguration$WebMvcAutoConfigurationAdapter$$Lambda$1031
instanceKlass org/springframework/web/accept/ContentNegotiationManagerFactoryBean
instanceKlass org/springframework/core/annotation/AnnotationUtils$$Lambda$1030
instanceKlass org/springframework/core/annotation/TypeMappedAnnotation$$Lambda$1029
instanceKlass org/springframework/data/rest/webmvc/config/RepositoryRestMvcConfiguration$$Lambda$1028
instanceKlass org/springframework/data/rest/core/support/EntityLookup
instanceKlass org/springframework/data/rest/webmvc/config/RepositoryRestMvcConfiguration$$Lambda$1027
instanceKlass org/springframework/data/rest/webmvc/config/RepositoryRestMvcConfiguration$$Lambda$1026
instanceKlass org/springframework/data/rest/webmvc/config/RepositoryRestMvcConfiguration$$Lambda$1025
instanceKlass org/springframework/data/rest/webmvc/config/RepositoryRestMvcConfiguration$$Lambda$1024
instanceKlass org/springframework/data/rest/webmvc/config/RepositoryRestMvcConfiguration$$Lambda$1023
instanceKlass org/springframework/data/rest/webmvc/config/RepositoryRestMvcConfiguration$$Lambda$1022
instanceKlass org/springframework/data/rest/webmvc/config/RepositoryRestMvcConfiguration$$Lambda$1021
instanceKlass org/springframework/data/rest/webmvc/config/RepositoryRestMvcConfiguration$$Lambda$1020
instanceKlass org/springframework/data/rest/webmvc/config/RepositoryRestMvcConfiguration$$Lambda$1019
instanceKlass org/springframework/data/rest/webmvc/config/RepositoryRestMvcConfiguration$$Lambda$1018
instanceKlass org/springframework/data/rest/webmvc/config/RepositoryRestMvcConfiguration$$Lambda$1017
instanceKlass org/springframework/data/rest/webmvc/config/RepositoryRestMvcConfiguration$$Lambda$1016
instanceKlass org/springframework/data/rest/webmvc/config/RepositoryRestMvcConfiguration$$Lambda$1015
instanceKlass org/springframework/data/rest/webmvc/config/RepositoryRestMvcConfiguration$$Lambda$1014
instanceKlass org/springframework/data/rest/webmvc/config/RepositoryRestMvcConfiguration$$Lambda$1013
instanceKlass org/springframework/data/rest/webmvc/config/RepositoryRestMvcConfiguration$$Lambda$1012
instanceKlass org/springframework/data/rest/webmvc/config/RepositoryRestMvcConfiguration$$Lambda$1011
instanceKlass org/springframework/data/rest/webmvc/config/RepositoryRestMvcConfiguration$$Lambda$1010
instanceKlass org/springframework/data/rest/webmvc/config/RepositoryRestMvcConfiguration$$Lambda$1009
instanceKlass org/springframework/data/rest/webmvc/config/RepositoryRestMvcConfiguration$$Lambda$1008
instanceKlass org/springframework/data/web/config/HateoasAwareSpringDataWebConfiguration$$Lambda$1007
instanceKlass org/springframework/data/web/config/HateoasAwareSpringDataWebConfiguration$$Lambda$1006
instanceKlass org/springframework/data/web/config/HateoasAwareSpringDataWebConfiguration$$Lambda$1005
instanceKlass org/springframework/data/web/config/SpringDataWebConfiguration$$Lambda$1004
instanceKlass org/springframework/data/web/config/SpringDataWebConfiguration$$Lambda$1003
instanceKlass org/springframework/data/web/config/SpringDataWebConfiguration$$Lambda$1002
instanceKlass org/springframework/data/web/config/SpringDataWebConfiguration$$Lambda$1001
instanceKlass sun/reflect/generics/tree/IntSignature
instanceKlass com/fasterxml/jackson/databind/MappingIterator
instanceKlass com/fasterxml/jackson/databind/jsonschema/JsonSchema
instanceKlass com/fasterxml/jackson/annotation/JsonAutoDetect$Value
instanceKlass com/fasterxml/jackson/databind/jsonFormatVisitors/JsonFormatVisitorWrapper
instanceKlass com/fasterxml/jackson/databind/jsonFormatVisitors/JsonFormatVisitorWithSerializerProvider
instanceKlass com/fasterxml/jackson/databind/cfg/ConstructorDetector
instanceKlass com/fasterxml/jackson/core/JsonParser
instanceKlass com/fasterxml/jackson/databind/deser/DeserializationProblemHandler
instanceKlass com/fasterxml/jackson/core/io/CharacterEscapes
instanceKlass com/fasterxml/jackson/databind/ObjectWriter
instanceKlass com/fasterxml/jackson/core/type/TypeReference
instanceKlass com/fasterxml/jackson/core/FormatSchema
instanceKlass com/fasterxml/jackson/databind/InjectableValues
instanceKlass com/fasterxml/jackson/module/paramnames/ParameterExtractor
instanceKlass org/springframework/http/converter/json/Jackson2ObjectMapperBuilder$$Lambda$1000
instanceKlass com/fasterxml/jackson/databind/cfg/HandlerInstantiator
instanceKlass com/fasterxml/jackson/databind/ser/FilterProvider
instanceKlass com/fasterxml/jackson/databind/jsontype/TypeResolverBuilder
instanceKlass org/springframework/data/geo/GeoModule$PolygonMixin
instanceKlass org/springframework/data/geo/Polygon
instanceKlass org/springframework/data/geo/GeoModule$CircleMixin
instanceKlass org/springframework/data/geo/Circle
instanceKlass org/springframework/data/geo/GeoModule$BoxMixin
instanceKlass org/springframework/data/geo/Box
instanceKlass org/springframework/data/geo/Shape
instanceKlass org/springframework/data/geo/GeoModule$PointMixin
instanceKlass org/springframework/data/geo/Point
instanceKlass org/springframework/data/geo/GeoModule$DistanceMixin
instanceKlass org/springframework/data/geo/Distance
instanceKlass org/springframework/boot/jackson/JsonComponent
instanceKlass org/springframework/beans/ExtendedBeanInfo$$Lambda$999
instanceKlass org/springframework/beans/PropertyDescriptorUtils
instanceKlass org/springframework/beans/ExtendedBeanInfo$PropertyDescriptorComparator
instanceKlass com/sun/beans/finder/InstanceFinder
instanceKlass java/beans/WeakIdentityMap
instanceKlass java/beans/ThreadGroupContext
instanceKlass com/fasterxml/jackson/databind/deser/ValueInstantiator
instanceKlass com/fasterxml/jackson/databind/jsontype/NamedType
instanceKlass com/fasterxml/jackson/databind/PropertyNamingStrategy
instanceKlass com/fasterxml/jackson/module/paramnames/PackageVersion
instanceKlass java/util/EnumMap$EnumMapIterator
instanceKlass org/springframework/boot/autoconfigure/jackson/JacksonAutoConfiguration$Jackson2ObjectMapperBuilderCustomizerConfiguration$StandardJackson2ObjectMapperBuilderCustomizer$$Lambda$998
instanceKlass org/springframework/boot/autoconfigure/jackson/JacksonAutoConfiguration$Jackson2ObjectMapperBuilderCustomizerConfiguration$StandardJackson2ObjectMapperBuilderCustomizer$$Lambda$997
instanceKlass org/springframework/hateoas/config/HateoasConfiguration$$Lambda$996
instanceKlass org/springframework/hateoas/mediatype/hal/HalMediaTypeConfiguration$$Lambda$995
instanceKlass org/springframework/hateoas/mediatype/hal/forms/HalFormsConfiguration$$Lambda$994
instanceKlass org/springframework/hateoas/mediatype/hal/forms/HalFormsOptionsFactory
instanceKlass org/springframework/hateoas/mediatype/hal/HalConfiguration$$Lambda$993
instanceKlass org/springframework/hateoas/mediatype/hal/forms/HalFormsMediaTypeConfiguration$$Lambda$992
instanceKlass org/springframework/hateoas/mediatype/hal/forms/HalFormsMediaTypeConfiguration$$Lambda$991
instanceKlass org/springframework/hateoas/config/HateoasConfiguration$$Lambda$990
instanceKlass org/springframework/context/MessageSourceResolvable
instanceKlass org/springframework/hateoas/mediatype/MessageSourceResolver
instanceKlass org/springframework/core/io/support/EncodedResource
instanceKlass org/springframework/hateoas/config/HateoasConfiguration$$Lambda$989
instanceKlass org/springframework/hateoas/LinkRelation
instanceKlass org/springframework/plugin/core/support/AbstractTypeAwareSupport$BeansOfTypeTargetSource
instanceKlass org/springframework/boot/autoconfigure/orm/jpa/JpaBaseConfiguration$JpaWebConfiguration$1
instanceKlass org/springframework/web/method/support/HandlerMethodReturnValueHandler
instanceKlass org/springframework/web/servlet/config/annotation/WebMvcConfigurerComposite
instanceKlass org/springframework/boot/autoconfigure/web/servlet/WebMvcRegistrations
instanceKlass org/springframework/boot/autoconfigure/web/servlet/WebMvcAutoConfiguration$ResourceChainCustomizerConfiguration
instanceKlass org/springframework/boot/autoconfigure/web/servlet/WebMvcAutoConfiguration$ResourceChainResourceHandlerRegistrationCustomizer
instanceKlass org/springframework/boot/autoconfigure/web/servlet/WebMvcAutoConfiguration$ResourceHandlerRegistrationCustomizer
instanceKlass org/springframework/boot/autoconfigure/web/servlet/WebMvcAutoConfiguration$OptionalPathExtensionContentNegotiationStrategy
instanceKlass org/springframework/web/bind/annotation/ExceptionHandler
instanceKlass org/springframework/http/HttpEntity
instanceKlass org/springframework/boot/web/error/ErrorAttributeOptions
instanceKlass org/springframework/validation/BindingResult
instanceKlass org/springframework/validation/Errors
instanceKlass org/springframework/boot/convert/DurationStyle$Unit$$Lambda$988
instanceKlass org/springframework/boot/convert/DurationStyle$Unit$$Lambda$987
instanceKlass org/springframework/boot/convert/DurationStyle$Unit$$Lambda$986
instanceKlass org/springframework/boot/convert/DurationStyle$Unit$$Lambda$985
instanceKlass org/springframework/boot/convert/DurationStyle$Unit$$Lambda$984
instanceKlass org/springframework/boot/convert/DurationStyle$Unit$$Lambda$983
instanceKlass org/springframework/boot/convert/DurationStyle$Unit$$Lambda$982
instanceKlass org/springframework/boot/convert/DurationFormat
instanceKlass org/springframework/boot/autoconfigure/web/WebProperties$Resources$Cache$Cachecontrol
instanceKlass org/springframework/boot/autoconfigure/web/WebProperties$Resources$Cache
instanceKlass org/springframework/boot/autoconfigure/web/WebProperties$Resources$Chain$Strategy$Content
instanceKlass org/springframework/boot/autoconfigure/web/WebProperties$Resources$Chain$Strategy$Fixed
instanceKlass org/springframework/boot/autoconfigure/web/WebProperties$Resources$Chain$Strategy
instanceKlass org/springframework/context/support/MessageSourceAccessor
instanceKlass org/springframework/boot/autoconfigure/web/servlet/error/ErrorMvcAutoConfiguration$StaticView
instanceKlass org/springframework/boot/task/TaskExecutorBuilder$$Lambda$981
instanceKlass org/springframework/boot/autoconfigure/task/TaskExecutionAutoConfiguration$$Lambda$980
instanceKlass org/springframework/core/task/TaskDecorator
instanceKlass org/springframework/boot/task/TaskExecutorCustomizer
instanceKlass org/springframework/boot/validation/beanvalidation/MethodValidationExcludeFilter$$Lambda$979
instanceKlass org/springframework/data/mapping/model/AbstractPersistentProperty$$Lambda$978
instanceKlass org/springframework/data/mapping/model/AbstractPersistentProperty$$Lambda$977
instanceKlass org/springframework/data/mapping/model/AnnotationBasedPersistentProperty$$Lambda$976
instanceKlass org/springframework/data/mapping/model/AnnotationBasedPersistentProperty$$Lambda$975
instanceKlass org/springframework/data/mapping/model/AnnotationBasedPersistentProperty$$Lambda$974
instanceKlass org/springframework/data/mapping/model/AnnotationBasedPersistentProperty$$Lambda$973
instanceKlass org/springframework/core/SerializableTypeWrapper$FieldTypeProvider
instanceKlass com/example/spring_university_professor/DTO/UserLocationDTO
instanceKlass org/springframework/data/domain/Sort$Order
instanceKlass org/springframework/data/repository/core/support/RepositoryFactorySupport$ImplementationMethodExecutionInterceptor
instanceKlass org/springframework/data/util/Pair$$Lambda$972
instanceKlass org/springframework/data/util/Pair$$Lambda$971
instanceKlass org/springframework/data/repository/core/support/QueryExecutorMethodInterceptor$$Lambda$970
instanceKlass org/springframework/data/repository/core/support/QueryExecutorMethodInterceptor$$Lambda$969
instanceKlass org/springframework/data/repository/core/support/QueryExecutorMethodInterceptor$$Lambda$968
instanceKlass org/springframework/data/repository/core/support/QueryExecutionResultHandler
instanceKlass org/springframework/data/projection/MethodInterceptorFactory
instanceKlass org/springframework/data/projection/ProxyProjectionFactory$$Lambda$967
instanceKlass org/springframework/data/convert/Jsr310Converters
instanceKlass org/springframework/data/projection/ProxyProjectionFactory
instanceKlass org/springframework/data/repository/core/support/QueryExecutorMethodInterceptor
instanceKlass org/springframework/data/jpa/repository/query/JpaQueryLookupStrategy$AbstractQueryLookupStrategy
instanceKlass org/springframework/data/repository/query/QueryLookupStrategy
instanceKlass org/springframework/data/jpa/repository/query/JpaQueryLookupStrategy$1
instanceKlass org/springframework/data/jpa/repository/query/JpaQueryLookupStrategy
instanceKlass org/springframework/data/projection/DefaultMethodInvokingMethodInterceptor$MethodHandleLookup$2$$Lambda$966
instanceKlass org/springframework/data/projection/DefaultMethodInvokingMethodInterceptor
instanceKlass org/springframework/data/repository/core/support/EventPublishingRepositoryProxyPostProcessor$EventPublishingMethod$$Lambda$965
instanceKlass org/springframework/data/util/AnnotationDetectionMethodCallback
instanceKlass org/springframework/data/domain/DomainEvents
instanceKlass org/springframework/data/repository/core/support/EventPublishingRepositoryProxyPostProcessor$EventPublishingMethod
instanceKlass org/springframework/data/jpa/repository/query/Procedure
instanceKlass org/springframework/aop/DynamicIntroductionAdvice
instanceKlass org/springframework/data/repository/core/support/DefaultRepositoryInformation$$Lambda$964
instanceKlass org/springframework/data/jpa/domain/Specification
instanceKlass org/springframework/core/annotation/AnnotationUtils$$Lambda$963
instanceKlass org/springframework/data/annotation/QueryAnnotation
instanceKlass org/springframework/data/jpa/repository/support/CrudMethodMetadataPostProcessor$CrudMethodMetadataPopulatingMethodInterceptor$$Lambda$962
instanceKlass org/springframework/data/jpa/repository/support/CrudMethodMetadataPostProcessor$CrudMethodMetadataPopulatingMethodInterceptor$$Lambda$961
instanceKlass org/springframework/data/jpa/repository/support/CrudMethodMetadataPostProcessor$CrudMethodMetadataPopulatingMethodInterceptor
instanceKlass org/springframework/data/repository/core/support/RepositoryFactorySupport$$Lambda$960
instanceKlass java/lang/invoke/LambdaForm$DMH
instanceKlass org/springframework/aop/TruePointcut
instanceKlass org/springframework/aop/interceptor/ExposeInvocationInterceptor
instanceKlass java/lang/Package$1PackageInfoProxy
instanceKlass java/lang/Package$$Lambda$959
instanceKlass org/springframework/lang/NonNullApi
instanceKlass org/springframework/data/util/NullableUtils$$Lambda$958
instanceKlass org/springframework/data/util/NullableUtils$$Lambda$957
instanceKlass org/springframework/data/util/NullableUtils$$Lambda$956
instanceKlass org/springframework/data/util/NullableUtils
instanceKlass org/springframework/data/repository/core/support/MethodInvocationValidator
instanceKlass org/springframework/aop/target/SingletonTargetSource
instanceKlass org/springframework/data/repository/core/support/RepositoryFactorySupport$RepositoryValidator$$Lambda$955
instanceKlass org/springframework/data/repository/core/support/RepositoryComposition$RepositoryFragments$$Lambda$954
instanceKlass org/springframework/data/repository/core/support/RepositoryComposition$RepositoryFragments$$Lambda$953
instanceKlass org/springframework/data/repository/core/support/MethodLookups$RepositoryAwareMethodLookup$$Lambda$952
instanceKlass org/springframework/data/repository/core/support/RepositoryComposition$$Lambda$951
instanceKlass org/springframework/data/repository/core/support/RepositoryComposition$$Lambda$950
instanceKlass org/springframework/data/repository/query/ReactiveQueryByExampleExecutor
instanceKlass org/springframework/data/repository/core/support/RepositoryFactorySupport$RepositoryValidator$$Lambda$949
instanceKlass org/springframework/data/repository/core/support/RepositoryFactorySupport$RepositoryValidator$$Lambda$948
instanceKlass org/springframework/data/querydsl/ReactiveQuerydslPredicateExecutor
instanceKlass org/springframework/data/repository/core/support/RepositoryFactorySupport$RepositoryValidator$$Lambda$947
